[+] Tracing binary with input
real_world_poc/CVE-2017-7209/bug_1.o
[+] Binary takes input as file
[+] Return value: -11
[!] Input caused crash during tracing
[+] Crash Addr: 00000000004031f2
[+] Tracing Complete
[+] Collect Constraints from binary

==================== PRINTING TRACE ====================

('Block @ {}', '0x404c50')
0x404c50:	xor	ebp, ebp
0x404c52:	mov	r9, rdx
0x404c55:	pop	rsi
0x404c56:	mov	rdx, rsp
0x404c59:	and	rsp, 0xfffffffffffffff0
0x404c5d:	push	rax
0x404c5e:	push	rsp
0x404c5f:	mov	r8, 0x5a5210
0x404c66:	mov	rcx, 0x5a51a0
0x404c6d:	mov	rdi, 0x4026d0
0x404c74:	call	0x401860
('Block @ {}', '0x401860')
0x401860:	jmp	qword ptr [rip + 0x3e28ea]
('Block @ {}', '0x401866')
0x401866:	push	0x27
0x40186b:	jmp	0x4015e0
('Block @ {}', '0x4015e0')
0x4015e0:	push	qword ptr [rip + 0x3e2a22]
0x4015e6:	jmp	qword ptr [rip + 0x3e2a24]
('Block @ {}', '0x5a51a0')
0x5a51a0:	push	r15
0x5a51a2:	push	r14
0x5a51a4:	mov	r15d, edi
0x5a51a7:	push	r13
0x5a51a9:	push	r12
0x5a51ab:	lea	r12, qword ptr [rip + 0x23ec5e]
0x5a51b2:	push	rbp
0x5a51b3:	lea	rbp, qword ptr [rip + 0x23ec5e]
0x5a51ba:	push	rbx
0x5a51bb:	mov	r14, rsi
0x5a51be:	mov	r13, rdx
0x5a51c1:	sub	rbp, r12
0x5a51c4:	sub	rsp, 8
0x5a51c8:	sar	rbp, 3
0x5a51cc:	call	0x4015b8
('Block @ {}', '0x4015b8')
0x4015b8:	sub	rsp, 8
0x4015bc:	mov	rax, qword ptr [rip + 0x3e2a35]
0x4015c3:	test	rax, rax
0x4015c6:	je	0x4015cd
('Block @ {}', '0x4015cd')
0x4015cd:	add	rsp, 8
0x4015d1:	ret	
('Block @ {}', '0x5a51d1')
0x5a51d1:	test	rbp, rbp
0x5a51d4:	je	0x5a51f6
('Block @ {}', '0x5a51d6')
0x5a51d6:	xor	ebx, ebx
0x5a51d8:	nop	dword ptr [rax + rax]
0x5a51e0:	mov	rdx, r13
0x5a51e3:	mov	rsi, r14
0x5a51e6:	mov	edi, r15d
0x5a51e9:	call	qword ptr [r12 + rbx*8]
('Block @ {}', '0x404d20')
0x404d20:	mov	edi, 0x7e3e20
0x404d25:	cmp	qword ptr [rdi], 0
0x404d29:	jne	0x404d30
('Block @ {}', '0x404d2b')
0x404d2b:	jmp	0x404cc0
('Block @ {}', '0x404cc0')
0x404cc0:	mov	esi, 0x7e6170
0x404cc5:	push	rbp
0x404cc6:	sub	rsi, 0x7e6170
0x404ccd:	sar	rsi, 3
0x404cd1:	mov	rbp, rsp
0x404cd4:	mov	rax, rsi
0x404cd7:	shr	rax, 0x3f
0x404cdb:	add	rsi, rax
0x404cde:	sar	rsi, 1
0x404ce1:	je	0x404cf8
('Block @ {}', '0x404cf8')
0x404cf8:	pop	rbp
0x404cf9:	ret	
('Block @ {}', '0x5a51ed')
0x5a51ed:	add	rbx, 1
0x5a51f1:	cmp	rbx, rbp
0x5a51f4:	jne	0x5a51e0
('Block @ {}', '0x5a51f6')
0x5a51f6:	add	rsp, 8
0x5a51fa:	pop	rbx
0x5a51fb:	pop	rbp
0x5a51fc:	pop	r12
0x5a51fe:	pop	r13
0x5a5200:	pop	r14
0x5a5202:	pop	r15
0x5a5204:	ret	
('Block @ {}', '0x4026d0')
0x4026d0:	lea	rsp, qword ptr [rsp - 0x98]
0x4026d8:	mov	qword ptr [rsp], rdx
0x4026dc:	mov	qword ptr [rsp + 8], rcx
0x4026e1:	mov	qword ptr [rsp + 0x10], rax
0x4026e6:	mov	rcx, 0x166e
0x4026ed:	call	0x4cbff8
('Block @ {}', '0x4cbff8')
0x4cbff8:	lahf	
0x4cbff9:	seto	al
0x4cbffc:	mov	rdx, qword ptr [rip + 0x31c2f5]
0x4cc003:	test	rdx, rdx
0x4cc006:	je	0x4cc028
('Block @ {}', '0x4cc028')
0x4cc028:	cmp	byte ptr [rip + 0x31c2e1], 0
0x4cc02f:	jne	0x4cc020
('Block @ {}', '0x4cc031')
0x4cc031:	lea	rdx, qword ptr [rip + 0x31ccf8]
0x4cc038:	mov	rdx, qword ptr [rdx]
0x4cc03b:	test	rdx, rdx
0x4cc03e:	je	0x4cc049
('Block @ {}', '0x4cc049')
0x4cc049:	lea	rsp, qword ptr [rsp - 0x160]
0x4cc051:	mov	qword ptr [rsp], rax
0x4cc055:	mov	qword ptr [rsp + 8], rcx
0x4cc05a:	mov	qword ptr [rsp + 0x10], rdi
0x4cc05f:	mov	qword ptr [rsp + 0x20], rsi
0x4cc064:	mov	qword ptr [rsp + 0x28], r8
0x4cc069:	mov	qword ptr [rsp + 0x30], r9
0x4cc06e:	mov	qword ptr [rsp + 0x38], r10
0x4cc073:	mov	qword ptr [rsp + 0x40], r11
0x4cc078:	movq	qword ptr [rsp + 0x60], xmm0
0x4cc07e:	movq	qword ptr [rsp + 0x70], xmm1
0x4cc084:	movq	qword ptr [rsp + 0x80], xmm2
0x4cc08d:	movq	qword ptr [rsp + 0x90], xmm3
0x4cc096:	movq	qword ptr [rsp + 0xa0], xmm4
0x4cc09f:	movq	qword ptr [rsp + 0xb0], xmm5
0x4cc0a8:	movq	qword ptr [rsp + 0xc0], xmm6
0x4cc0b1:	movq	qword ptr [rsp + 0xd0], xmm7
0x4cc0ba:	movq	qword ptr [rsp + 0xe0], xmm8
0x4cc0c4:	movq	qword ptr [rsp + 0xf0], xmm9
0x4cc0ce:	movq	qword ptr [rsp + 0x100], xmm10
0x4cc0d8:	movq	qword ptr [rsp + 0x110], xmm11
0x4cc0e2:	movq	qword ptr [rsp + 0x120], xmm12
0x4cc0ec:	movq	qword ptr [rsp + 0x130], xmm13
0x4cc0f6:	movq	qword ptr [rsp + 0x140], xmm14
0x4cc100:	movq	qword ptr [rsp + 0x150], xmm15
0x4cc10a:	push	r12
0x4cc10c:	mov	r12, rsp
0x4cc10f:	sub	rsp, 0x10
0x4cc113:	and	rsp, 0xfffffffffffffff0
0x4cc117:	lea	rdi, qword ptr [rip + 0x2c1]
0x4cc11e:	call	0x401600
('Block @ {}', '0x401600')
0x401600:	jmp	qword ptr [rip + 0x3e2a1a]
('Block @ {}', '0x401606')
0x401606:	push	1
0x40160b:	jmp	0x4015e0
('Block @ {}', '0x4015e0')
0x4015e0:	push	qword ptr [rip + 0x3e2a22]
0x4015e6:	jmp	qword ptr [rip + 0x3e2a24]
('Block @ {}', '0x4cc123')
0x4cc123:	test	rax, rax
0x4cc126:	je	0x4cc30e
('Block @ {}', '0x4cc30e')
0x4cc30e:	inc	byte ptr [rip + 0x31bffc]
0x4cc314:	mov	rsp, r12
0x4cc317:	pop	r12
0x4cc319:	mov	rax, qword ptr [rsp]
0x4cc31d:	mov	rcx, qword ptr [rsp + 8]
0x4cc322:	mov	rdi, qword ptr [rsp + 0x10]
0x4cc327:	mov	rsi, qword ptr [rsp + 0x20]
0x4cc32c:	mov	r8, qword ptr [rsp + 0x28]
0x4cc331:	mov	r9, qword ptr [rsp + 0x30]
0x4cc336:	mov	r10, qword ptr [rsp + 0x38]
0x4cc33b:	mov	r11, qword ptr [rsp + 0x40]
0x4cc340:	movq	xmm0, qword ptr [rsp + 0x60]
0x4cc346:	movq	xmm1, qword ptr [rsp + 0x70]
0x4cc34c:	movq	xmm2, qword ptr [rsp + 0x80]
0x4cc355:	movq	xmm3, qword ptr [rsp + 0x90]
0x4cc35e:	movq	xmm4, qword ptr [rsp + 0xa0]
0x4cc367:	movq	xmm5, qword ptr [rsp + 0xb0]
0x4cc370:	movq	xmm6, qword ptr [rsp + 0xc0]
0x4cc379:	movq	xmm7, qword ptr [rsp + 0xd0]
0x4cc382:	movq	xmm8, qword ptr [rsp + 0xe0]
0x4cc38c:	movq	xmm9, qword ptr [rsp + 0xf0]
0x4cc396:	movq	xmm10, qword ptr [rsp + 0x100]
0x4cc3a0:	movq	xmm11, qword ptr [rsp + 0x110]
0x4cc3aa:	movq	xmm12, qword ptr [rsp + 0x120]
0x4cc3b4:	movq	xmm13, qword ptr [rsp + 0x130]
0x4cc3be:	movq	xmm14, qword ptr [rsp + 0x140]
0x4cc3c8:	movq	xmm15, qword ptr [rsp + 0x150]
0x4cc3d2:	lea	rsp, qword ptr [rsp + 0x160]
0x4cc3da:	jmp	0x4cc020
('Block @ {}', '0x4cc020')
0x4cc020:	add	al, 0x7f
0x4cc022:	sahf	
0x4cc023:	ret	
('Block @ {}', '0x4026f2')
0x4026f2:	mov	rax, qword ptr [rsp + 0x10]
0x4026f7:	mov	rcx, qword ptr [rsp + 8]
0x4026fc:	mov	rdx, qword ptr [rsp]
0x402700:	lea	rsp, qword ptr [rsp + 0x98]
0x402708:	push	rbp
0x402709:	mov	rbp, rsp
0x40270c:	push	r13
0x40270e:	push	r12
0x402710:	push	rbx
0x402711:	sub	rsp, 0xb8
0x402718:	mov	dword ptr [rbp - 0xc4], edi
0x40271e:	mov	qword ptr [rbp - 0xd0], rsi
0x402725:	mov	edi, 5
0x40272a:	mov	esi, 0x5a74cd
0x40272f:	call	0x401950
('Block @ {}', '0x401950')
0x401950:	jmp	qword ptr [rip + 0x3e2872]
('Block @ {}', '0x401956')
0x401956:	push	0x36
0x40195b:	jmp	0x4015e0
('Block @ {}', '0x4015e0')
0x4015e0:	push	qword ptr [rip + 0x3e2a22]
0x4015e6:	jmp	qword ptr [rip + 0x3e2a24]
('Block @ {}', '0x402734')
0x402734:	xor	edi, edi
0x402736:	mov	esi, 0x5a74cd
0x40273b:	call	0x401950
('Block @ {}', '0x401950')
0x401950:	jmp	qword ptr [rip + 0x3e2872]
('Block @ {}', '0x402740')
0x402740:	mov	esi, 0x5aa76e
0x402745:	mov	edi, 0x5aa786
0x40274a:	call	0x401710
('Block @ {}', '0x401710')
0x401710:	jmp	qword ptr [rip + 0x3e2992]
('Block @ {}', '0x401716')
0x401716:	push	0x12
0x40171b:	jmp	0x4015e0
('Block @ {}', '0x4015e0')
0x4015e0:	push	qword ptr [rip + 0x3e2a22]
0x4015e6:	jmp	qword ptr [rip + 0x3e2a24]
('Block @ {}', '0x40274f')
0x40274f:	mov	edi, 0x5aa786
0x402754:	call	0x4016f0
('Block @ {}', '0x4016f0')
0x4016f0:	jmp	qword ptr [rip + 0x3e29a2]
('Block @ {}', '0x4016f6')
0x4016f6:	push	0x10
0x4016fb:	jmp	0x4015e0
('Block @ {}', '0x4015e0')
0x4015e0:	push	qword ptr [rip + 0x3e2a22]
0x4015e6:	jmp	qword ptr [rip + 0x3e2a24]
('Block @ {}', '0x402759')
0x402759:	lea	rsi, qword ptr [rbp - 0xd0]
0x402760:	lea	rdi, qword ptr [rbp - 0xc4]
0x402767:	call	0x56da60
('Block @ {}', '0x56da60')
0x56da60:	lea	rsp, qword ptr [rsp - 0x98]
0x56da68:	mov	qword ptr [rsp], rdx
0x56da6c:	mov	qword ptr [rsp + 8], rcx
0x56da71:	mov	qword ptr [rsp + 0x10], rax
0x56da76:	mov	rcx, 0x637f
0x56da7d:	call	0x56ea18
('Block @ {}', '0x56ea18')
0x56ea18:	lahf	
0x56ea19:	seto	al
0x56ea1c:	mov	rdx, qword ptr [rip + 0x27a185]
0x56ea23:	test	rdx, rdx
0x56ea26:	je	0x56ea48
('Block @ {}', '0x56ea48')
0x56ea48:	cmp	byte ptr [rip + 0x27a171], 0
0x56ea4f:	jne	0x56ea40
('Block @ {}', '0x56ea51')
0x56ea51:	lea	rdx, qword ptr [rip + 0x27a2d8]
0x56ea58:	mov	rdx, qword ptr [rdx]
0x56ea5b:	test	rdx, rdx
0x56ea5e:	je	0x56ea69
('Block @ {}', '0x56ea69')
0x56ea69:	lea	rsp, qword ptr [rsp - 0x160]
0x56ea71:	mov	qword ptr [rsp], rax
0x56ea75:	mov	qword ptr [rsp + 8], rcx
0x56ea7a:	mov	qword ptr [rsp + 0x10], rdi
0x56ea7f:	mov	qword ptr [rsp + 0x20], rsi
0x56ea84:	mov	qword ptr [rsp + 0x28], r8
0x56ea89:	mov	qword ptr [rsp + 0x30], r9
0x56ea8e:	mov	qword ptr [rsp + 0x38], r10
0x56ea93:	mov	qword ptr [rsp + 0x40], r11
0x56ea98:	movq	qword ptr [rsp + 0x60], xmm0
0x56ea9e:	movq	qword ptr [rsp + 0x70], xmm1
0x56eaa4:	movq	qword ptr [rsp + 0x80], xmm2
0x56eaad:	movq	qword ptr [rsp + 0x90], xmm3
0x56eab6:	movq	qword ptr [rsp + 0xa0], xmm4
0x56eabf:	movq	qword ptr [rsp + 0xb0], xmm5
0x56eac8:	movq	qword ptr [rsp + 0xc0], xmm6
0x56ead1:	movq	qword ptr [rsp + 0xd0], xmm7
0x56eada:	movq	qword ptr [rsp + 0xe0], xmm8
0x56eae4:	movq	qword ptr [rsp + 0xf0], xmm9
0x56eaee:	movq	qword ptr [rsp + 0x100], xmm10
0x56eaf8:	movq	qword ptr [rsp + 0x110], xmm11
0x56eb02:	movq	qword ptr [rsp + 0x120], xmm12
0x56eb0c:	movq	qword ptr [rsp + 0x130], xmm13
0x56eb16:	movq	qword ptr [rsp + 0x140], xmm14
0x56eb20:	movq	qword ptr [rsp + 0x150], xmm15
0x56eb2a:	push	r12
0x56eb2c:	mov	r12, rsp
0x56eb2f:	sub	rsp, 0x10
0x56eb33:	and	rsp, 0xfffffffffffffff0
0x56eb37:	lea	rdi, qword ptr [rip + 0x2c1]
0x56eb3e:	call	0x401600
('Block @ {}', '0x401600')
0x401600:	jmp	qword ptr [rip + 0x3e2a1a]
('Block @ {}', '0x56eb43')
0x56eb43:	test	rax, rax
0x56eb46:	je	0x56ed2e
('Block @ {}', '0x56ed2e')
0x56ed2e:	inc	byte ptr [rip + 0x279e8c]
0x56ed34:	mov	rsp, r12
0x56ed37:	pop	r12
0x56ed39:	mov	rax, qword ptr [rsp]
0x56ed3d:	mov	rcx, qword ptr [rsp + 8]
0x56ed42:	mov	rdi, qword ptr [rsp + 0x10]
0x56ed47:	mov	rsi, qword ptr [rsp + 0x20]
0x56ed4c:	mov	r8, qword ptr [rsp + 0x28]
0x56ed51:	mov	r9, qword ptr [rsp + 0x30]
0x56ed56:	mov	r10, qword ptr [rsp + 0x38]
0x56ed5b:	mov	r11, qword ptr [rsp + 0x40]
0x56ed60:	movq	xmm0, qword ptr [rsp + 0x60]
0x56ed66:	movq	xmm1, qword ptr [rsp + 0x70]
0x56ed6c:	movq	xmm2, qword ptr [rsp + 0x80]
0x56ed75:	movq	xmm3, qword ptr [rsp + 0x90]
0x56ed7e:	movq	xmm4, qword ptr [rsp + 0xa0]
0x56ed87:	movq	xmm5, qword ptr [rsp + 0xb0]
0x56ed90:	movq	xmm6, qword ptr [rsp + 0xc0]
0x56ed99:	movq	xmm7, qword ptr [rsp + 0xd0]
0x56eda2:	movq	xmm8, qword ptr [rsp + 0xe0]
0x56edac:	movq	xmm9, qword ptr [rsp + 0xf0]
0x56edb6:	movq	xmm10, qword ptr [rsp + 0x100]
0x56edc0:	movq	xmm11, qword ptr [rsp + 0x110]
0x56edca:	movq	xmm12, qword ptr [rsp + 0x120]
0x56edd4:	movq	xmm13, qword ptr [rsp + 0x130]
0x56edde:	movq	xmm14, qword ptr [rsp + 0x140]
0x56ede8:	movq	xmm15, qword ptr [rsp + 0x150]
0x56edf2:	lea	rsp, qword ptr [rsp + 0x160]
0x56edfa:	jmp	0x56ea40
('Block @ {}', '0x56ea40')
0x56ea40:	add	al, 0x7f
0x56ea42:	sahf	
0x56ea43:	ret	
('Block @ {}', '0x56da82')
0x56da82:	mov	rax, qword ptr [rsp + 0x10]
0x56da87:	mov	rcx, qword ptr [rsp + 8]
0x56da8c:	mov	rdx, qword ptr [rsp]
0x56da90:	lea	rsp, qword ptr [rsp + 0x98]
0x56da98:	push	rbp
0x56da99:	mov	rbp, rsp
0x56da9c:	push	r15
0x56da9e:	push	r14
0x56daa0:	push	r13
0x56daa2:	push	r12
0x56daa4:	xor	r15d, r15d
0x56daa7:	push	rbx
0x56daa8:	mov	r14, rsi
0x56daab:	mov	r13d, r15d
0x56daae:	sub	rsp, 0xe8
0x56dab5:	mov	qword ptr [rbp - 0xd0], rdi
0x56dabc:	mov	r8d, dword ptr [rdi]
0x56dabf:	mov	dword ptr [rbp - 0xd4], 0x7d0
0x56dac9:	jmp	0x56dad3
('Block @ {}', '0x56dad3')
0x56dad3:	nop	
0x56dad4:	lea	rsp, qword ptr [rsp - 0x98]
0x56dadc:	mov	qword ptr [rsp], rdx
0x56dae0:	mov	qword ptr [rsp + 8], rcx
0x56dae5:	mov	qword ptr [rsp + 0x10], rax
0x56daea:	mov	rcx, 0xd212
0x56daf1:	call	0x56ea18
('Block @ {}', '0x56ea18')
0x56ea18:	lahf	
0x56ea19:	seto	al
0x56ea1c:	mov	rdx, qword ptr [rip + 0x27a185]
0x56ea23:	test	rdx, rdx
0x56ea26:	je	0x56ea48
('Block @ {}', '0x56ea48')
0x56ea48:	cmp	byte ptr [rip + 0x27a171], 0
0x56ea4f:	jne	0x56ea40
('Block @ {}', '0x56ea40')
0x56ea40:	add	al, 0x7f
0x56ea42:	sahf	
0x56ea43:	ret	
('Block @ {}', '0x56daf6')
0x56daf6:	mov	rax, qword ptr [rsp + 0x10]
0x56dafb:	mov	rcx, qword ptr [rsp + 8]
0x56db00:	mov	rdx, qword ptr [rsp]
0x56db04:	lea	rsp, qword ptr [rsp + 0x98]
0x56db0c:	lea	r15d, dword ptr [r13 + 1]
0x56db10:	cmp	r15d, r8d
0x56db13:	jge	0x56df4c
('Block @ {}', '0x56db19')
0x56db19:	nop	dword ptr [rax]
0x56db1c:	lea	rsp, qword ptr [rsp - 0x98]
0x56db24:	mov	qword ptr [rsp], rdx
0x56db28:	mov	qword ptr [rsp + 8], rcx
0x56db2d:	mov	qword ptr [rsp + 0x10], rax
0x56db32:	mov	rcx, 0xce9d
0x56db39:	call	0x56ea18
('Block @ {}', '0x56ea18')
0x56ea18:	lahf	
0x56ea19:	seto	al
0x56ea1c:	mov	rdx, qword ptr [rip + 0x27a185]
0x56ea23:	test	rdx, rdx
0x56ea26:	je	0x56ea48
('Block @ {}', '0x56ea48')
0x56ea48:	cmp	byte ptr [rip + 0x27a171], 0
0x56ea4f:	jne	0x56ea40
('Block @ {}', '0x56ea40')
0x56ea40:	add	al, 0x7f
0x56ea42:	sahf	
0x56ea43:	ret	
('Block @ {}', '0x56db3e')
0x56db3e:	mov	rax, qword ptr [rsp + 0x10]
0x56db43:	mov	rcx, qword ptr [rsp + 8]
0x56db48:	mov	rdx, qword ptr [rsp]
0x56db4c:	lea	rsp, qword ptr [rsp + 0x98]
0x56db54:	lea	rsp, qword ptr [rsp - 0x98]
0x56db5c:	mov	qword ptr [rsp], rdx
0x56db60:	mov	qword ptr [rsp + 8], rcx
0x56db65:	mov	qword ptr [rsp + 0x10], rax
0x56db6a:	mov	rcx, 0x443
0x56db71:	call	0x56ea18
('Block @ {}', '0x56ea18')
0x56ea18:	lahf	
0x56ea19:	seto	al
0x56ea1c:	mov	rdx, qword ptr [rip + 0x27a185]
0x56ea23:	test	rdx, rdx
0x56ea26:	je	0x56ea48
('Block @ {}', '0x56ea48')
0x56ea48:	cmp	byte ptr [rip + 0x27a171], 0
0x56ea4f:	jne	0x56ea40
('Block @ {}', '0x56ea40')
0x56ea40:	add	al, 0x7f
0x56ea42:	sahf	
0x56ea43:	ret	
('Block @ {}', '0x56db76')
0x56db76:	mov	rax, qword ptr [rsp + 0x10]
0x56db7b:	mov	rcx, qword ptr [rsp + 8]
0x56db80:	mov	rdx, qword ptr [rsp]
0x56db84:	lea	rsp, qword ptr [rsp + 0x98]
0x56db8c:	mov	rax, qword ptr [r14]
0x56db8f:	movsxd	rbx, r15d
0x56db92:	lea	rcx, qword ptr [rbx*8]
0x56db9a:	mov	rdi, qword ptr [rax + rbx*8]
0x56db9e:	mov	qword ptr [rbp - 0xc8], rcx
0x56dba5:	cmp	byte ptr [rdi], 0x40
0x56dba8:	jne	0x56dad0
('Block @ {}', '0x56dad0')
0x56dad0:	mov	r13d, r15d
0x56dad3:	nop	
0x56dad4:	lea	rsp, qword ptr [rsp - 0x98]
0x56dadc:	mov	qword ptr [rsp], rdx
0x56dae0:	mov	qword ptr [rsp + 8], rcx
0x56dae5:	mov	qword ptr [rsp + 0x10], rax
0x56daea:	mov	rcx, 0xd212
0x56daf1:	call	0x56ea18
('Block @ {}', '0x56ea18')
0x56ea18:	lahf	
0x56ea19:	seto	al
0x56ea1c:	mov	rdx, qword ptr [rip + 0x27a185]
0x56ea23:	test	rdx, rdx
0x56ea26:	je	0x56ea48
('Block @ {}', '0x56ea48')
0x56ea48:	cmp	byte ptr [rip + 0x27a171], 0
0x56ea4f:	jne	0x56ea40
('Block @ {}', '0x56ea40')
0x56ea40:	add	al, 0x7f
0x56ea42:	sahf	
0x56ea43:	ret	
('Block @ {}', '0x56daf6')
0x56daf6:	mov	rax, qword ptr [rsp + 0x10]
0x56dafb:	mov	rcx, qword ptr [rsp + 8]
0x56db00:	mov	rdx, qword ptr [rsp]
0x56db04:	lea	rsp, qword ptr [rsp + 0x98]
0x56db0c:	lea	r15d, dword ptr [r13 + 1]
0x56db10:	cmp	r15d, r8d
0x56db13:	jge	0x56df4c
('Block @ {}', '0x56db19')
0x56db19:	nop	dword ptr [rax]
0x56db1c:	lea	rsp, qword ptr [rsp - 0x98]
0x56db24:	mov	qword ptr [rsp], rdx
0x56db28:	mov	qword ptr [rsp + 8], rcx
0x56db2d:	mov	qword ptr [rsp + 0x10], rax
0x56db32:	mov	rcx, 0xce9d
0x56db39:	call	0x56ea18
('Block @ {}', '0x56ea18')
0x56ea18:	lahf	
0x56ea19:	seto	al
0x56ea1c:	mov	rdx, qword ptr [rip + 0x27a185]
0x56ea23:	test	rdx, rdx
0x56ea26:	je	0x56ea48
('Block @ {}', '0x56ea48')
0x56ea48:	cmp	byte ptr [rip + 0x27a171], 0
0x56ea4f:	jne	0x56ea40
('Block @ {}', '0x56ea40')
0x56ea40:	add	al, 0x7f
0x56ea42:	sahf	
0x56ea43:	ret	
('Block @ {}', '0x56db3e')
0x56db3e:	mov	rax, qword ptr [rsp + 0x10]
0x56db43:	mov	rcx, qword ptr [rsp + 8]
0x56db48:	mov	rdx, qword ptr [rsp]
0x56db4c:	lea	rsp, qword ptr [rsp + 0x98]
0x56db54:	lea	rsp, qword ptr [rsp - 0x98]
0x56db5c:	mov	qword ptr [rsp], rdx
0x56db60:	mov	qword ptr [rsp + 8], rcx
0x56db65:	mov	qword ptr [rsp + 0x10], rax
0x56db6a:	mov	rcx, 0x443
0x56db71:	call	0x56ea18
('Block @ {}', '0x56ea18')
0x56ea18:	lahf	
0x56ea19:	seto	al
0x56ea1c:	mov	rdx, qword ptr [rip + 0x27a185]
0x56ea23:	test	rdx, rdx
0x56ea26:	je	0x56ea48
('Block @ {}', '0x56ea48')
0x56ea48:	cmp	byte ptr [rip + 0x27a171], 0
0x56ea4f:	jne	0x56ea40
('Block @ {}', '0x56ea40')
0x56ea40:	add	al, 0x7f
0x56ea42:	sahf	
0x56ea43:	ret	
('Block @ {}', '0x56db76')
0x56db76:	mov	rax, qword ptr [rsp + 0x10]
0x56db7b:	mov	rcx, qword ptr [rsp + 8]
0x56db80:	mov	rdx, qword ptr [rsp]
0x56db84:	lea	rsp, qword ptr [rsp + 0x98]
0x56db8c:	mov	rax, qword ptr [r14]
0x56db8f:	movsxd	rbx, r15d
0x56db92:	lea	rcx, qword ptr [rbx*8]
0x56db9a:	mov	rdi, qword ptr [rax + rbx*8]
0x56db9e:	mov	qword ptr [rbp - 0xc8], rcx
0x56dba5:	cmp	byte ptr [rdi], 0x40
0x56dba8:	jne	0x56dad0
('Block @ {}', '0x56dad0')
0x56dad0:	mov	r13d, r15d
0x56dad3:	nop	
0x56dad4:	lea	rsp, qword ptr [rsp - 0x98]
0x56dadc:	mov	qword ptr [rsp], rdx
0x56dae0:	mov	qword ptr [rsp + 8], rcx
0x56dae5:	mov	qword ptr [rsp + 0x10], rax
0x56daea:	mov	rcx, 0xd212
0x56daf1:	call	0x56ea18
('Block @ {}', '0x56ea18')
0x56ea18:	lahf	
0x56ea19:	seto	al
0x56ea1c:	mov	rdx, qword ptr [rip + 0x27a185]
0x56ea23:	test	rdx, rdx
0x56ea26:	je	0x56ea48
('Block @ {}', '0x56ea48')
0x56ea48:	cmp	byte ptr [rip + 0x27a171], 0
0x56ea4f:	jne	0x56ea40
('Block @ {}', '0x56ea40')
0x56ea40:	add	al, 0x7f
0x56ea42:	sahf	
0x56ea43:	ret	
('Block @ {}', '0x56daf6')
0x56daf6:	mov	rax, qword ptr [rsp + 0x10]
0x56dafb:	mov	rcx, qword ptr [rsp + 8]
0x56db00:	mov	rdx, qword ptr [rsp]
0x56db04:	lea	rsp, qword ptr [rsp + 0x98]
0x56db0c:	lea	r15d, dword ptr [r13 + 1]
0x56db10:	cmp	r15d, r8d
0x56db13:	jge	0x56df4c
('Block @ {}', '0x56df4c')
0x56df4c:	lea	rsp, qword ptr [rsp - 0x98]
0x56df54:	mov	qword ptr [rsp], rdx
0x56df58:	mov	qword ptr [rsp + 8], rcx
0x56df5d:	mov	qword ptr [rsp + 0x10], rax
0x56df62:	mov	rcx, 0x504b
0x56df69:	call	0x56ea18
('Block @ {}', '0x56ea18')
0x56ea18:	lahf	
0x56ea19:	seto	al
0x56ea1c:	mov	rdx, qword ptr [rip + 0x27a185]
0x56ea23:	test	rdx, rdx
0x56ea26:	je	0x56ea48
('Block @ {}', '0x56ea48')
0x56ea48:	cmp	byte ptr [rip + 0x27a171], 0
0x56ea4f:	jne	0x56ea40
('Block @ {}', '0x56ea40')
0x56ea40:	add	al, 0x7f
0x56ea42:	sahf	
0x56ea43:	ret	
('Block @ {}', '0x56df6e')
0x56df6e:	mov	rax, qword ptr [rsp + 0x10]
0x56df73:	mov	rcx, qword ptr [rsp + 8]
0x56df78:	mov	rdx, qword ptr [rsp]
0x56df7c:	lea	rsp, qword ptr [rsp + 0x98]
0x56df84:	add	rsp, 0xe8
0x56df8b:	pop	rbx
0x56df8c:	pop	r12
0x56df8e:	pop	r13
0x56df90:	pop	r14
0x56df92:	pop	r15
0x56df94:	pop	rbp
0x56df95:	ret	
('Block @ {}', '0x40276c')
0x40276c:	mov	r12d, dword ptr [rbp - 0xc4]
0x402773:	mov	r13, qword ptr [rbp - 0xd0]
0x40277a:	cmp	r12d, 1
0x40277e:	jle	0x402e91
('Block @ {}', '0x402784')
0x402784:	lea	rsp, qword ptr [rsp - 0x98]
0x40278c:	mov	qword ptr [rsp], rdx
0x402790:	mov	qword ptr [rsp + 8], rcx
0x402795:	mov	qword ptr [rsp + 0x10], rax
0x40279a:	mov	rcx, 0xd77e
0x4027a1:	call	0x4cbff8
('Block @ {}', '0x4cbff8')
0x4cbff8:	lahf	
0x4cbff9:	seto	al
0x4cbffc:	mov	rdx, qword ptr [rip + 0x31c2f5]
0x4cc003:	test	rdx, rdx
0x4cc006:	je	0x4cc028
('Block @ {}', '0x4cc028')
0x4cc028:	cmp	byte ptr [rip + 0x31c2e1], 0
0x4cc02f:	jne	0x4cc020
('Block @ {}', '0x4cc020')
0x4cc020:	add	al, 0x7f
0x4cc022:	sahf	
0x4cc023:	ret	
('Block @ {}', '0x4027a6')
0x4027a6:	mov	rax, qword ptr [rsp + 0x10]
0x4027ab:	mov	rcx, qword ptr [rsp + 8]
0x4027b0:	mov	rdx, qword ptr [rsp]
0x4027b4:	lea	rsp, qword ptr [rsp + 0x98]
0x4027bc:	nop	dword ptr [rax]
0x4027c0:	xor	r8d, r8d
0x4027c3:	mov	ecx, 0x7e4ca0
0x4027c8:	mov	edx, 0x5bdda8
0x4027cd:	mov	rsi, r13
0x4027d0:	mov	edi, r12d
0x4027d3:	call	0x401760
('Block @ {}', '0x401760')
0x401760:	jmp	qword ptr [rip + 0x3e296a]
('Block @ {}', '0x401766')
0x401766:	push	0x17
0x40176b:	jmp	0x4015e0
('Block @ {}', '0x4015e0')
0x4015e0:	push	qword ptr [rip + 0x3e2a22]
0x4015e6:	jmp	qword ptr [rip + 0x3e2a24]
('Block @ {}', '0x4027d8')
0x4027d8:	cmp	eax, 0xff
0x4027db:	mov	ebx, eax
0x4027dd:	je	0x403bdf
('Block @ {}', '0x4027e3')
0x4027e3:	nop	
0x4027e4:	lea	rsp, qword ptr [rsp - 0x98]
0x4027ec:	mov	qword ptr [rsp], rdx
0x4027f0:	mov	qword ptr [rsp + 8], rcx
0x4027f5:	mov	qword ptr [rsp + 0x10], rax
0x4027fa:	mov	rcx, 0x76d2
0x402801:	call	0x4cbff8
('Block @ {}', '0x4cbff8')
0x4cbff8:	lahf	
0x4cbff9:	seto	al
0x4cbffc:	mov	rdx, qword ptr [rip + 0x31c2f5]
0x4cc003:	test	rdx, rdx
0x4cc006:	je	0x4cc028
('Block @ {}', '0x4cc028')
0x4cc028:	cmp	byte ptr [rip + 0x31c2e1], 0
0x4cc02f:	jne	0x4cc020
('Block @ {}', '0x4cc020')
0x4cc020:	add	al, 0x7f
0x4cc022:	sahf	
0x4cc023:	ret	
('Block @ {}', '0x402806')
0x402806:	mov	rax, qword ptr [rsp + 0x10]
0x40280b:	mov	rcx, qword ptr [rsp + 8]
0x402810:	mov	rdx, qword ptr [rsp]
0x402814:	lea	rsp, qword ptr [rsp + 0x98]
0x40281c:	cmp	ebx, 0x68
0x40281f:	je	0x403b4f
('Block @ {}', '0x402825')
0x402825:	nop	dword ptr [rax]
0x402828:	lea	rsp, qword ptr [rsp - 0x98]
0x402830:	mov	qword ptr [rsp], rdx
0x402834:	mov	qword ptr [rsp + 8], rcx
0x402839:	mov	qword ptr [rsp + 0x10], rax
0x40283e:	mov	rcx, 0x11cc
0x402845:	call	0x4cbff8
('Block @ {}', '0x4cbff8')
0x4cbff8:	lahf	
0x4cbff9:	seto	al
0x4cbffc:	mov	rdx, qword ptr [rip + 0x31c2f5]
0x4cc003:	test	rdx, rdx
0x4cc006:	je	0x4cc028
('Block @ {}', '0x4cc028')
0x4cc028:	cmp	byte ptr [rip + 0x31c2e1], 0
0x4cc02f:	jne	0x4cc020
('Block @ {}', '0x4cc020')
0x4cc020:	add	al, 0x7f
0x4cc022:	sahf	
0x4cc023:	ret	
('Block @ {}', '0x40284a')
0x40284a:	mov	rax, qword ptr [rsp + 0x10]
0x40284f:	mov	rcx, qword ptr [rsp + 8]
0x402854:	mov	rdx, qword ptr [rsp]
0x402858:	lea	rsp, qword ptr [rsp + 0x98]
0x402860:	jg	0x402ac8
('Block @ {}', '0x402ac8')
0x402ac8:	cmp	ebx, 0x76
0x402acb:	je	0x4039b9
('Block @ {}', '0x402ad1')
0x402ad1:	nop	dword ptr [rax]
0x402ad4:	lea	rsp, qword ptr [rsp - 0x98]
0x402adc:	mov	qword ptr [rsp], rdx
0x402ae0:	mov	qword ptr [rsp + 8], rcx
0x402ae5:	mov	qword ptr [rsp + 0x10], rax
0x402aea:	mov	rcx, 0x75b
0x402af1:	call	0x4cbff8
('Block @ {}', '0x4cbff8')
0x4cbff8:	lahf	
0x4cbff9:	seto	al
0x4cbffc:	mov	rdx, qword ptr [rip + 0x31c2f5]
0x4cc003:	test	rdx, rdx
0x4cc006:	je	0x4cc028
('Block @ {}', '0x4cc028')
0x4cc028:	cmp	byte ptr [rip + 0x31c2e1], 0
0x4cc02f:	jne	0x4cc020
('Block @ {}', '0x4cc020')
0x4cc020:	add	al, 0x7f
0x4cc022:	sahf	
0x4cc023:	ret	
('Block @ {}', '0x402af6')
0x402af6:	mov	rax, qword ptr [rsp + 0x10]
0x402afb:	mov	rcx, qword ptr [rsp + 8]
0x402b00:	mov	rdx, qword ptr [rsp]
0x402b04:	lea	rsp, qword ptr [rsp + 0x98]
0x402b0c:	jle	0x402ee0
('Block @ {}', '0x402b12')
0x402b12:	nop	
0x402b14:	lea	rsp, qword ptr [rsp - 0x98]
0x402b1c:	mov	qword ptr [rsp], rdx
0x402b20:	mov	qword ptr [rsp + 8], rcx
0x402b25:	mov	qword ptr [rsp + 0x10], rax
0x402b2a:	mov	rcx, 0xa903
0x402b31:	call	0x4cbff8
('Block @ {}', '0x4cbff8')
0x4cbff8:	lahf	
0x4cbff9:	seto	al
0x4cbffc:	mov	rdx, qword ptr [rip + 0x31c2f5]
0x4cc003:	test	rdx, rdx
0x4cc006:	je	0x4cc028
('Block @ {}', '0x4cc028')
0x4cc028:	cmp	byte ptr [rip + 0x31c2e1], 0
0x4cc02f:	jne	0x4cc020
('Block @ {}', '0x4cc020')
0x4cc020:	add	al, 0x7f
0x4cc022:	sahf	
0x4cc023:	ret	
('Block @ {}', '0x402b36')
0x402b36:	mov	rax, qword ptr [rsp + 0x10]
0x402b3b:	mov	rcx, qword ptr [rsp + 8]
0x402b40:	mov	rdx, qword ptr [rsp]
0x402b44:	lea	rsp, qword ptr [rsp + 0x98]
0x402b4c:	cmp	ebx, 0x200
0x402b52:	je	0x403760
('Block @ {}', '0x402b58')
0x402b58:	lea	rsp, qword ptr [rsp - 0x98]
0x402b60:	mov	qword ptr [rsp], rdx
0x402b64:	mov	qword ptr [rsp + 8], rcx
0x402b69:	mov	qword ptr [rsp + 0x10], rax
0x402b6e:	mov	rcx, 0x2965
0x402b75:	call	0x4cbff8
('Block @ {}', '0x4cbff8')
0x4cbff8:	lahf	
0x4cbff9:	seto	al
0x4cbffc:	mov	rdx, qword ptr [rip + 0x31c2f5]
0x4cc003:	test	rdx, rdx
0x4cc006:	je	0x4cc028
('Block @ {}', '0x4cc028')
0x4cc028:	cmp	byte ptr [rip + 0x31c2e1], 0
0x4cc02f:	jne	0x4cc020
('Block @ {}', '0x4cc020')
0x4cc020:	add	al, 0x7f
0x4cc022:	sahf	
0x4cc023:	ret	
('Block @ {}', '0x402b7a')
0x402b7a:	mov	rax, qword ptr [rsp + 0x10]
0x402b7f:	mov	rcx, qword ptr [rsp + 8]
0x402b84:	mov	rdx, qword ptr [rsp]
0x402b88:	lea	rsp, qword ptr [rsp + 0x98]
0x402b90:	jle	0x403120
('Block @ {}', '0x403120')
0x403120:	cmp	ebx, 0x78
0x403123:	je	0x403800
('Block @ {}', '0x403129')
0x403129:	nop	dword ptr [rax]
0x40312c:	lea	rsp, qword ptr [rsp - 0x98]
0x403134:	mov	qword ptr [rsp], rdx
0x403138:	mov	qword ptr [rsp + 8], rcx
0x40313d:	mov	qword ptr [rsp + 0x10], rax
0x403142:	mov	rcx, 0xce50
0x403149:	call	0x4cbff8
('Block @ {}', '0x4cbff8')
0x4cbff8:	lahf	
0x4cbff9:	seto	al
0x4cbffc:	mov	rdx, qword ptr [rip + 0x31c2f5]
0x4cc003:	test	rdx, rdx
0x4cc006:	je	0x4cc028
('Block @ {}', '0x4cc028')
0x4cc028:	cmp	byte ptr [rip + 0x31c2e1], 0
0x4cc02f:	jne	0x4cc020
('Block @ {}', '0x4cc020')
0x4cc020:	add	al, 0x7f
0x4cc022:	sahf	
0x4cc023:	ret	
('Block @ {}', '0x40314e')
0x40314e:	mov	rax, qword ptr [rsp + 0x10]
0x403153:	mov	rcx, qword ptr [rsp + 8]
0x403158:	mov	rdx, qword ptr [rsp]
0x40315c:	lea	rsp, qword ptr [rsp + 0x98]
0x403164:	jl	0x4033bb
('Block @ {}', '0x40316a')
0x40316a:	nop	
0x40316c:	lea	rsp, qword ptr [rsp - 0x98]
0x403174:	mov	qword ptr [rsp], rdx
0x403178:	mov	qword ptr [rsp + 8], rcx
0x40317d:	mov	qword ptr [rsp + 0x10], rax
0x403182:	mov	rcx, 0x7fe8
0x403189:	call	0x4cbff8
('Block @ {}', '0x4cbff8')
0x4cbff8:	lahf	
0x4cbff9:	seto	al
0x4cbffc:	mov	rdx, qword ptr [rip + 0x31c2f5]
0x4cc003:	test	rdx, rdx
0x4cc006:	je	0x4cc028
('Block @ {}', '0x4cc028')
0x4cc028:	cmp	byte ptr [rip + 0x31c2e1], 0
0x4cc02f:	jne	0x4cc020
('Block @ {}', '0x4cc020')
0x4cc020:	add	al, 0x7f
0x4cc022:	sahf	
0x4cc023:	ret	
('Block @ {}', '0x40318e')
0x40318e:	mov	rax, qword ptr [rsp + 0x10]
0x403193:	mov	rcx, qword ptr [rsp + 8]
0x403198:	mov	rdx, qword ptr [rsp]
0x40319c:	lea	rsp, qword ptr [rsp + 0x98]
0x4031a4:	cmp	ebx, 0x7a
0x4031a7:	jne	0x402e3c
('Block @ {}', '0x4031ad')
0x4031ad:	nop	dword ptr [rax]
0x4031b0:	lea	rsp, qword ptr [rsp - 0x98]
0x4031b8:	mov	qword ptr [rsp], rdx
0x4031bc:	mov	qword ptr [rsp + 8], rcx
0x4031c1:	mov	qword ptr [rsp + 0x10], rax
0x4031c6:	mov	rcx, 0xc09c
0x4031cd:	call	0x4cbff8
('Block @ {}', '0x4cbff8')
0x4cbff8:	lahf	
0x4cbff9:	seto	al
0x4cbffc:	mov	rdx, qword ptr [rip + 0x31c2f5]
0x4cc003:	test	rdx, rdx
0x4cc006:	je	0x4cc028
('Block @ {}', '0x4cc028')
0x4cc028:	cmp	byte ptr [rip + 0x31c2e1], 0
0x4cc02f:	jne	0x4cc020
('Block @ {}', '0x4cc020')
0x4cc020:	add	al, 0x7f
0x4cc022:	sahf	
0x4cc023:	ret	
('Block @ {}', '0x4031d2')
0x4031d2:	mov	rax, qword ptr [rsp + 0x10]
0x4031d7:	mov	rcx, qword ptr [rsp + 8]
0x4031dc:	mov	rdx, qword ptr [rsp]
0x4031e0:	lea	rsp, qword ptr [rsp + 0x98]
0x4031e8:	mov	edi, 0x5bdd80
0x4031ed:	call	0x4016a0
('Block @ {}', '0x4016a0')
0x4016a0:	jmp	qword ptr [rip + 0x3e29ca]
('Block @ {}', '0x4016a6')
0x4016a6:	push	0xb
0x4016ab:	jmp	0x4015e0
('Block @ {}', '0x4015e0')
0x4015e0:	push	qword ptr [rip + 0x3e2a22]
0x4015e6:	jmp	qword ptr [rip + 0x3e2a24]
('Block @ {}', '0x4031f2')
0x4031f2:	mov	dword ptr [0], 0
0x4031fd:	ud2	
0x4031ff:	nop	
0x403200:	cmp	ebx, 0x49
0x403203:	je	0x403373

================== PRINTING CONSTRAINTS ================

[+] Constraint at:  0x4000000L
[+] Constraint expression: 
(<Bool True>,)
