[+] Tracing binary with input
real_world_poc/CVE-2017-7209/bug_1.o
[+] Binary takes input as file
[+] Return value: -11
[!] Input caused crash during tracing
[+] Crash Addr: 0000000000402616
[+] Tracing Complete
[+] Collect Constraints from binary

==================== PRINTING TRACE ====================

('Block @ {}', '0x402930')
0x402930:	xor	ebp, ebp
0x402932:	mov	r9, rdx
0x402935:	pop	rsi
0x402936:	mov	rdx, rsp
0x402939:	and	rsp, 0xfffffffffffffff0
0x40293d:	push	rax
0x40293e:	push	rsp
0x40293f:	mov	r8, 0x577640
0x402946:	mov	rcx, 0x5775d0
0x40294d:	mov	rdi, 0x402470
0x402954:	call	0x401630
('Block @ {}', '0x401630')
0x401630:	jmp	qword ptr [rip + 0x3b0afa]
('Block @ {}', '0x401636')
0x401636:	push	0x23
0x40163b:	jmp	0x4013f0
('Block @ {}', '0x4013f0')
0x4013f0:	push	qword ptr [rip + 0x3b0c12]
0x4013f6:	jmp	qword ptr [rip + 0x3b0c14]
('Block @ {}', '0x5775d0')
0x5775d0:	push	r15
0x5775d2:	push	r14
0x5775d4:	mov	r15d, edi
0x5775d7:	push	r13
0x5775d9:	push	r12
0x5775db:	lea	r12, qword ptr [rip + 0x23a82e]
0x5775e2:	push	rbp
0x5775e3:	lea	rbp, qword ptr [rip + 0x23a82e]
0x5775ea:	push	rbx
0x5775eb:	mov	r14, rsi
0x5775ee:	mov	r13, rdx
0x5775f1:	sub	rbp, r12
0x5775f4:	sub	rsp, 8
0x5775f8:	sar	rbp, 3
0x5775fc:	call	0x4013d0
('Block @ {}', '0x4013d0')
0x4013d0:	sub	rsp, 8
0x4013d4:	mov	rax, qword ptr [rip + 0x3b0c1d]
0x4013db:	test	rax, rax
0x4013de:	je	0x4013e5
('Block @ {}', '0x4013e5')
0x4013e5:	add	rsp, 8
0x4013e9:	ret	
('Block @ {}', '0x577601')
0x577601:	test	rbp, rbp
0x577604:	je	0x577626
('Block @ {}', '0x577606')
0x577606:	xor	ebx, ebx
0x577608:	nop	dword ptr [rax + rax]
0x577610:	mov	rdx, r13
0x577613:	mov	rsi, r14
0x577616:	mov	edi, r15d
0x577619:	call	qword ptr [r12 + rbx*8]
('Block @ {}', '0x402a00')
0x402a00:	mov	edi, 0x7b1e20
0x402a05:	cmp	qword ptr [rdi], 0
0x402a09:	jne	0x402a10
('Block @ {}', '0x402a0b')
0x402a0b:	jmp	0x4029a0
('Block @ {}', '0x4029a0')
0x4029a0:	mov	esi, 0x7b3cd0
0x4029a5:	push	rbp
0x4029a6:	sub	rsi, 0x7b3cd0
0x4029ad:	sar	rsi, 3
0x4029b1:	mov	rbp, rsp
0x4029b4:	mov	rax, rsi
0x4029b7:	shr	rax, 0x3f
0x4029bb:	add	rsi, rax
0x4029be:	sar	rsi, 1
0x4029c1:	je	0x4029d8
('Block @ {}', '0x4029d8')
0x4029d8:	pop	rbp
0x4029d9:	ret	
('Block @ {}', '0x57761d')
0x57761d:	add	rbx, 1
0x577621:	cmp	rbx, rbp
0x577624:	jne	0x577610
('Block @ {}', '0x577626')
0x577626:	add	rsp, 8
0x57762a:	pop	rbx
0x57762b:	pop	rbp
0x57762c:	pop	r12
0x57762e:	pop	r13
0x577630:	pop	r14
0x577632:	pop	r15
0x577634:	ret	
('Block @ {}', '0x402470')
0x402470:	lea	rsp, qword ptr [rsp - 0x98]
0x402478:	mov	qword ptr [rsp], rdx
0x40247c:	mov	qword ptr [rsp + 8], rcx
0x402481:	mov	qword ptr [rsp + 0x10], rax
0x402486:	mov	rcx, 0x2c6e
0x40248d:	call	0x49e428
('Block @ {}', '0x49e428')
0x49e428:	lahf	
0x49e429:	seto	al
0x49e42c:	mov	rdx, qword ptr [rip + 0x3174c5]
0x49e433:	test	rdx, rdx
0x49e436:	je	0x49e458
('Block @ {}', '0x49e458')
0x49e458:	cmp	byte ptr [rip + 0x3174b1], 0
0x49e45f:	jne	0x49e450
('Block @ {}', '0x49e461')
0x49e461:	lea	rdx, qword ptr [rip + 0x317ec8]
0x49e468:	mov	rdx, qword ptr [rdx]
0x49e46b:	test	rdx, rdx
0x49e46e:	je	0x49e479
('Block @ {}', '0x49e479')
0x49e479:	lea	rsp, qword ptr [rsp - 0x160]
0x49e481:	mov	qword ptr [rsp], rax
0x49e485:	mov	qword ptr [rsp + 8], rcx
0x49e48a:	mov	qword ptr [rsp + 0x10], rdi
0x49e48f:	mov	qword ptr [rsp + 0x20], rsi
0x49e494:	mov	qword ptr [rsp + 0x28], r8
0x49e499:	mov	qword ptr [rsp + 0x30], r9
0x49e49e:	mov	qword ptr [rsp + 0x38], r10
0x49e4a3:	mov	qword ptr [rsp + 0x40], r11
0x49e4a8:	movq	qword ptr [rsp + 0x60], xmm0
0x49e4ae:	movq	qword ptr [rsp + 0x70], xmm1
0x49e4b4:	movq	qword ptr [rsp + 0x80], xmm2
0x49e4bd:	movq	qword ptr [rsp + 0x90], xmm3
0x49e4c6:	movq	qword ptr [rsp + 0xa0], xmm4
0x49e4cf:	movq	qword ptr [rsp + 0xb0], xmm5
0x49e4d8:	movq	qword ptr [rsp + 0xc0], xmm6
0x49e4e1:	movq	qword ptr [rsp + 0xd0], xmm7
0x49e4ea:	movq	qword ptr [rsp + 0xe0], xmm8
0x49e4f4:	movq	qword ptr [rsp + 0xf0], xmm9
0x49e4fe:	movq	qword ptr [rsp + 0x100], xmm10
0x49e508:	movq	qword ptr [rsp + 0x110], xmm11
0x49e512:	movq	qword ptr [rsp + 0x120], xmm12
0x49e51c:	movq	qword ptr [rsp + 0x130], xmm13
0x49e526:	movq	qword ptr [rsp + 0x140], xmm14
0x49e530:	movq	qword ptr [rsp + 0x150], xmm15
0x49e53a:	push	r12
0x49e53c:	mov	r12, rsp
0x49e53f:	sub	rsp, 0x10
0x49e543:	and	rsp, 0xfffffffffffffff0
0x49e547:	lea	rdi, qword ptr [rip + 0x2c1]
0x49e54e:	call	0x401410
('Block @ {}', '0x401410')
0x401410:	jmp	qword ptr [rip + 0x3b0c0a]
('Block @ {}', '0x401416')
0x401416:	push	1
0x40141b:	jmp	0x4013f0
('Block @ {}', '0x4013f0')
0x4013f0:	push	qword ptr [rip + 0x3b0c12]
0x4013f6:	jmp	qword ptr [rip + 0x3b0c14]
('Block @ {}', '0x49e553')
0x49e553:	test	rax, rax
0x49e556:	je	0x49e73e
('Block @ {}', '0x49e73e')
0x49e73e:	inc	byte ptr [rip + 0x3171cc]
0x49e744:	mov	rsp, r12
0x49e747:	pop	r12
0x49e749:	mov	rax, qword ptr [rsp]
0x49e74d:	mov	rcx, qword ptr [rsp + 8]
0x49e752:	mov	rdi, qword ptr [rsp + 0x10]
0x49e757:	mov	rsi, qword ptr [rsp + 0x20]
0x49e75c:	mov	r8, qword ptr [rsp + 0x28]
0x49e761:	mov	r9, qword ptr [rsp + 0x30]
0x49e766:	mov	r10, qword ptr [rsp + 0x38]
0x49e76b:	mov	r11, qword ptr [rsp + 0x40]
0x49e770:	movq	xmm0, qword ptr [rsp + 0x60]
0x49e776:	movq	xmm1, qword ptr [rsp + 0x70]
0x49e77c:	movq	xmm2, qword ptr [rsp + 0x80]
0x49e785:	movq	xmm3, qword ptr [rsp + 0x90]
0x49e78e:	movq	xmm4, qword ptr [rsp + 0xa0]
0x49e797:	movq	xmm5, qword ptr [rsp + 0xb0]
0x49e7a0:	movq	xmm6, qword ptr [rsp + 0xc0]
0x49e7a9:	movq	xmm7, qword ptr [rsp + 0xd0]
0x49e7b2:	movq	xmm8, qword ptr [rsp + 0xe0]
0x49e7bc:	movq	xmm9, qword ptr [rsp + 0xf0]
0x49e7c6:	movq	xmm10, qword ptr [rsp + 0x100]
0x49e7d0:	movq	xmm11, qword ptr [rsp + 0x110]
0x49e7da:	movq	xmm12, qword ptr [rsp + 0x120]
0x49e7e4:	movq	xmm13, qword ptr [rsp + 0x130]
0x49e7ee:	movq	xmm14, qword ptr [rsp + 0x140]
0x49e7f8:	movq	xmm15, qword ptr [rsp + 0x150]
0x49e802:	lea	rsp, qword ptr [rsp + 0x160]
0x49e80a:	jmp	0x49e450
('Block @ {}', '0x49e450')
0x49e450:	add	al, 0x7f
0x49e452:	sahf	
0x49e453:	ret	
('Block @ {}', '0x402492')
0x402492:	mov	rax, qword ptr [rsp + 0x10]
0x402497:	mov	rcx, qword ptr [rsp + 8]
0x40249c:	mov	rdx, qword ptr [rsp]
0x4024a0:	lea	rsp, qword ptr [rsp + 0x98]
0x4024a8:	push	rbp
0x4024a9:	mov	rbp, rsp
0x4024ac:	push	r12
0x4024ae:	push	rbx
0x4024af:	sub	rsp, 0x10
0x4024b3:	mov	dword ptr [rbp - 0x14], edi
0x4024b6:	mov	qword ptr [rbp - 0x20], rsi
0x4024ba:	mov	edi, 5
0x4024bf:	mov	esi, 0x5797c4
0x4024c4:	call	0x401710
('Block @ {}', '0x401710')
0x401710:	jmp	qword ptr [rip + 0x3b0a8a]
('Block @ {}', '0x401716')
0x401716:	push	0x31
0x40171b:	jmp	0x4013f0
('Block @ {}', '0x4013f0')
0x4013f0:	push	qword ptr [rip + 0x3b0c12]
0x4013f6:	jmp	qword ptr [rip + 0x3b0c14]
('Block @ {}', '0x4024c9')
0x4024c9:	xor	edi, edi
0x4024cb:	mov	esi, 0x5797c4
0x4024d0:	call	0x401710
('Block @ {}', '0x401710')
0x401710:	jmp	qword ptr [rip + 0x3b0a8a]
('Block @ {}', '0x4024d5')
0x4024d5:	mov	esi, 0x57b613
0x4024da:	mov	edi, 0x57b62b
0x4024df:	call	0x401510
('Block @ {}', '0x401510')
0x401510:	jmp	qword ptr [rip + 0x3b0b8a]
('Block @ {}', '0x401516')
0x401516:	push	0x11
0x40151b:	jmp	0x4013f0
('Block @ {}', '0x4013f0')
0x4013f0:	push	qword ptr [rip + 0x3b0c12]
0x4013f6:	jmp	qword ptr [rip + 0x3b0c14]
('Block @ {}', '0x4024e4')
0x4024e4:	mov	edi, 0x57b62b
0x4024e9:	call	0x4014f0
('Block @ {}', '0x4014f0')
0x4014f0:	jmp	qword ptr [rip + 0x3b0b9a]
('Block @ {}', '0x4014f6')
0x4014f6:	push	0xf
0x4014fb:	jmp	0x4013f0
('Block @ {}', '0x4013f0')
0x4013f0:	push	qword ptr [rip + 0x3b0c12]
0x4013f6:	jmp	qword ptr [rip + 0x3b0c14]
('Block @ {}', '0x4024ee')
0x4024ee:	lea	rsi, qword ptr [rbp - 0x20]
0x4024f2:	lea	rdi, qword ptr [rbp - 0x14]
0x4024f6:	call	0x53fe90
('Block @ {}', '0x53fe90')
0x53fe90:	lea	rsp, qword ptr [rsp - 0x98]
0x53fe98:	mov	qword ptr [rsp], rdx
0x53fe9c:	mov	qword ptr [rsp + 8], rcx
0x53fea1:	mov	qword ptr [rsp + 0x10], rax
0x53fea6:	mov	rcx, 0x637f
0x53fead:	call	0x540e48
('Block @ {}', '0x540e48')
0x540e48:	lahf	
0x540e49:	seto	al
0x540e4c:	mov	rdx, qword ptr [rip + 0x275355]
0x540e53:	test	rdx, rdx
0x540e56:	je	0x540e78
('Block @ {}', '0x540e78')
0x540e78:	cmp	byte ptr [rip + 0x275341], 0
0x540e7f:	jne	0x540e70
('Block @ {}', '0x540e81')
0x540e81:	lea	rdx, qword ptr [rip + 0x2754a8]
0x540e88:	mov	rdx, qword ptr [rdx]
0x540e8b:	test	rdx, rdx
0x540e8e:	je	0x540e99
('Block @ {}', '0x540e99')
0x540e99:	lea	rsp, qword ptr [rsp - 0x160]
0x540ea1:	mov	qword ptr [rsp], rax
0x540ea5:	mov	qword ptr [rsp + 8], rcx
0x540eaa:	mov	qword ptr [rsp + 0x10], rdi
0x540eaf:	mov	qword ptr [rsp + 0x20], rsi
0x540eb4:	mov	qword ptr [rsp + 0x28], r8
0x540eb9:	mov	qword ptr [rsp + 0x30], r9
0x540ebe:	mov	qword ptr [rsp + 0x38], r10
0x540ec3:	mov	qword ptr [rsp + 0x40], r11
0x540ec8:	movq	qword ptr [rsp + 0x60], xmm0
0x540ece:	movq	qword ptr [rsp + 0x70], xmm1
0x540ed4:	movq	qword ptr [rsp + 0x80], xmm2
0x540edd:	movq	qword ptr [rsp + 0x90], xmm3
0x540ee6:	movq	qword ptr [rsp + 0xa0], xmm4
0x540eef:	movq	qword ptr [rsp + 0xb0], xmm5
0x540ef8:	movq	qword ptr [rsp + 0xc0], xmm6
0x540f01:	movq	qword ptr [rsp + 0xd0], xmm7
0x540f0a:	movq	qword ptr [rsp + 0xe0], xmm8
0x540f14:	movq	qword ptr [rsp + 0xf0], xmm9
0x540f1e:	movq	qword ptr [rsp + 0x100], xmm10
0x540f28:	movq	qword ptr [rsp + 0x110], xmm11
0x540f32:	movq	qword ptr [rsp + 0x120], xmm12
0x540f3c:	movq	qword ptr [rsp + 0x130], xmm13
0x540f46:	movq	qword ptr [rsp + 0x140], xmm14
0x540f50:	movq	qword ptr [rsp + 0x150], xmm15
0x540f5a:	push	r12
0x540f5c:	mov	r12, rsp
0x540f5f:	sub	rsp, 0x10
0x540f63:	and	rsp, 0xfffffffffffffff0
0x540f67:	lea	rdi, qword ptr [rip + 0x2c1]
0x540f6e:	call	0x401410
('Block @ {}', '0x401410')
0x401410:	jmp	qword ptr [rip + 0x3b0c0a]
('Block @ {}', '0x540f73')
0x540f73:	test	rax, rax
0x540f76:	je	0x54115e
('Block @ {}', '0x54115e')
0x54115e:	inc	byte ptr [rip + 0x27505c]
0x541164:	mov	rsp, r12
0x541167:	pop	r12
0x541169:	mov	rax, qword ptr [rsp]
0x54116d:	mov	rcx, qword ptr [rsp + 8]
0x541172:	mov	rdi, qword ptr [rsp + 0x10]
0x541177:	mov	rsi, qword ptr [rsp + 0x20]
0x54117c:	mov	r8, qword ptr [rsp + 0x28]
0x541181:	mov	r9, qword ptr [rsp + 0x30]
0x541186:	mov	r10, qword ptr [rsp + 0x38]
0x54118b:	mov	r11, qword ptr [rsp + 0x40]
0x541190:	movq	xmm0, qword ptr [rsp + 0x60]
0x541196:	movq	xmm1, qword ptr [rsp + 0x70]
0x54119c:	movq	xmm2, qword ptr [rsp + 0x80]
0x5411a5:	movq	xmm3, qword ptr [rsp + 0x90]
0x5411ae:	movq	xmm4, qword ptr [rsp + 0xa0]
0x5411b7:	movq	xmm5, qword ptr [rsp + 0xb0]
0x5411c0:	movq	xmm6, qword ptr [rsp + 0xc0]
0x5411c9:	movq	xmm7, qword ptr [rsp + 0xd0]
0x5411d2:	movq	xmm8, qword ptr [rsp + 0xe0]
0x5411dc:	movq	xmm9, qword ptr [rsp + 0xf0]
0x5411e6:	movq	xmm10, qword ptr [rsp + 0x100]
0x5411f0:	movq	xmm11, qword ptr [rsp + 0x110]
0x5411fa:	movq	xmm12, qword ptr [rsp + 0x120]
0x541204:	movq	xmm13, qword ptr [rsp + 0x130]
0x54120e:	movq	xmm14, qword ptr [rsp + 0x140]
0x541218:	movq	xmm15, qword ptr [rsp + 0x150]
0x541222:	lea	rsp, qword ptr [rsp + 0x160]
0x54122a:	jmp	0x540e70
('Block @ {}', '0x540e70')
0x540e70:	add	al, 0x7f
0x540e72:	sahf	
0x540e73:	ret	
('Block @ {}', '0x53feb2')
0x53feb2:	mov	rax, qword ptr [rsp + 0x10]
0x53feb7:	mov	rcx, qword ptr [rsp + 8]
0x53febc:	mov	rdx, qword ptr [rsp]
0x53fec0:	lea	rsp, qword ptr [rsp + 0x98]
0x53fec8:	push	rbp
0x53fec9:	mov	rbp, rsp
0x53fecc:	push	r15
0x53fece:	push	r14
0x53fed0:	push	r13
0x53fed2:	push	r12
0x53fed4:	xor	r15d, r15d
0x53fed7:	push	rbx
0x53fed8:	mov	r14, rsi
0x53fedb:	mov	r13d, r15d
0x53fede:	sub	rsp, 0xe8
0x53fee5:	mov	qword ptr [rbp - 0xd0], rdi
0x53feec:	mov	r8d, dword ptr [rdi]
0x53feef:	mov	dword ptr [rbp - 0xd4], 0x7d0
0x53fef9:	jmp	0x53ff03
('Block @ {}', '0x53ff03')
0x53ff03:	nop	
0x53ff04:	lea	rsp, qword ptr [rsp - 0x98]
0x53ff0c:	mov	qword ptr [rsp], rdx
0x53ff10:	mov	qword ptr [rsp + 8], rcx
0x53ff15:	mov	qword ptr [rsp + 0x10], rax
0x53ff1a:	mov	rcx, 0xd212
0x53ff21:	call	0x540e48
('Block @ {}', '0x540e48')
0x540e48:	lahf	
0x540e49:	seto	al
0x540e4c:	mov	rdx, qword ptr [rip + 0x275355]
0x540e53:	test	rdx, rdx
0x540e56:	je	0x540e78
('Block @ {}', '0x540e78')
0x540e78:	cmp	byte ptr [rip + 0x275341], 0
0x540e7f:	jne	0x540e70
('Block @ {}', '0x540e70')
0x540e70:	add	al, 0x7f
0x540e72:	sahf	
0x540e73:	ret	
('Block @ {}', '0x53ff26')
0x53ff26:	mov	rax, qword ptr [rsp + 0x10]
0x53ff2b:	mov	rcx, qword ptr [rsp + 8]
0x53ff30:	mov	rdx, qword ptr [rsp]
0x53ff34:	lea	rsp, qword ptr [rsp + 0x98]
0x53ff3c:	lea	r15d, dword ptr [r13 + 1]
0x53ff40:	cmp	r15d, r8d
0x53ff43:	jge	0x54037c
('Block @ {}', '0x53ff49')
0x53ff49:	nop	dword ptr [rax]
0x53ff4c:	lea	rsp, qword ptr [rsp - 0x98]
0x53ff54:	mov	qword ptr [rsp], rdx
0x53ff58:	mov	qword ptr [rsp + 8], rcx
0x53ff5d:	mov	qword ptr [rsp + 0x10], rax
0x53ff62:	mov	rcx, 0xce9d
0x53ff69:	call	0x540e48
('Block @ {}', '0x540e48')
0x540e48:	lahf	
0x540e49:	seto	al
0x540e4c:	mov	rdx, qword ptr [rip + 0x275355]
0x540e53:	test	rdx, rdx
0x540e56:	je	0x540e78
('Block @ {}', '0x540e78')
0x540e78:	cmp	byte ptr [rip + 0x275341], 0
0x540e7f:	jne	0x540e70
('Block @ {}', '0x540e70')
0x540e70:	add	al, 0x7f
0x540e72:	sahf	
0x540e73:	ret	
('Block @ {}', '0x53ff6e')
0x53ff6e:	mov	rax, qword ptr [rsp + 0x10]
0x53ff73:	mov	rcx, qword ptr [rsp + 8]
0x53ff78:	mov	rdx, qword ptr [rsp]
0x53ff7c:	lea	rsp, qword ptr [rsp + 0x98]
0x53ff84:	lea	rsp, qword ptr [rsp - 0x98]
0x53ff8c:	mov	qword ptr [rsp], rdx
0x53ff90:	mov	qword ptr [rsp + 8], rcx
0x53ff95:	mov	qword ptr [rsp + 0x10], rax
0x53ff9a:	mov	rcx, 0x443
0x53ffa1:	call	0x540e48
('Block @ {}', '0x540e48')
0x540e48:	lahf	
0x540e49:	seto	al
0x540e4c:	mov	rdx, qword ptr [rip + 0x275355]
0x540e53:	test	rdx, rdx
0x540e56:	je	0x540e78
('Block @ {}', '0x540e78')
0x540e78:	cmp	byte ptr [rip + 0x275341], 0
0x540e7f:	jne	0x540e70
('Block @ {}', '0x540e70')
0x540e70:	add	al, 0x7f
0x540e72:	sahf	
0x540e73:	ret	
('Block @ {}', '0x53ffa6')
0x53ffa6:	mov	rax, qword ptr [rsp + 0x10]
0x53ffab:	mov	rcx, qword ptr [rsp + 8]
0x53ffb0:	mov	rdx, qword ptr [rsp]
0x53ffb4:	lea	rsp, qword ptr [rsp + 0x98]
0x53ffbc:	mov	rax, qword ptr [r14]
0x53ffbf:	movsxd	rbx, r15d
0x53ffc2:	lea	rcx, qword ptr [rbx*8]
0x53ffca:	mov	rdi, qword ptr [rax + rbx*8]
0x53ffce:	mov	qword ptr [rbp - 0xc8], rcx
0x53ffd5:	cmp	byte ptr [rdi], 0x40
0x53ffd8:	jne	0x53ff00
('Block @ {}', '0x53ff00')
0x53ff00:	mov	r13d, r15d
0x53ff03:	nop	
0x53ff04:	lea	rsp, qword ptr [rsp - 0x98]
0x53ff0c:	mov	qword ptr [rsp], rdx
0x53ff10:	mov	qword ptr [rsp + 8], rcx
0x53ff15:	mov	qword ptr [rsp + 0x10], rax
0x53ff1a:	mov	rcx, 0xd212
0x53ff21:	call	0x540e48
('Block @ {}', '0x540e48')
0x540e48:	lahf	
0x540e49:	seto	al
0x540e4c:	mov	rdx, qword ptr [rip + 0x275355]
0x540e53:	test	rdx, rdx
0x540e56:	je	0x540e78
('Block @ {}', '0x540e78')
0x540e78:	cmp	byte ptr [rip + 0x275341], 0
0x540e7f:	jne	0x540e70
('Block @ {}', '0x540e70')
0x540e70:	add	al, 0x7f
0x540e72:	sahf	
0x540e73:	ret	
('Block @ {}', '0x53ff26')
0x53ff26:	mov	rax, qword ptr [rsp + 0x10]
0x53ff2b:	mov	rcx, qword ptr [rsp + 8]
0x53ff30:	mov	rdx, qword ptr [rsp]
0x53ff34:	lea	rsp, qword ptr [rsp + 0x98]
0x53ff3c:	lea	r15d, dword ptr [r13 + 1]
0x53ff40:	cmp	r15d, r8d
0x53ff43:	jge	0x54037c
('Block @ {}', '0x53ff49')
0x53ff49:	nop	dword ptr [rax]
0x53ff4c:	lea	rsp, qword ptr [rsp - 0x98]
0x53ff54:	mov	qword ptr [rsp], rdx
0x53ff58:	mov	qword ptr [rsp + 8], rcx
0x53ff5d:	mov	qword ptr [rsp + 0x10], rax
0x53ff62:	mov	rcx, 0xce9d
0x53ff69:	call	0x540e48
('Block @ {}', '0x540e48')
0x540e48:	lahf	
0x540e49:	seto	al
0x540e4c:	mov	rdx, qword ptr [rip + 0x275355]
0x540e53:	test	rdx, rdx
0x540e56:	je	0x540e78
('Block @ {}', '0x540e78')
0x540e78:	cmp	byte ptr [rip + 0x275341], 0
0x540e7f:	jne	0x540e70
('Block @ {}', '0x540e70')
0x540e70:	add	al, 0x7f
0x540e72:	sahf	
0x540e73:	ret	
('Block @ {}', '0x53ff6e')
0x53ff6e:	mov	rax, qword ptr [rsp + 0x10]
0x53ff73:	mov	rcx, qword ptr [rsp + 8]
0x53ff78:	mov	rdx, qword ptr [rsp]
0x53ff7c:	lea	rsp, qword ptr [rsp + 0x98]
0x53ff84:	lea	rsp, qword ptr [rsp - 0x98]
0x53ff8c:	mov	qword ptr [rsp], rdx
0x53ff90:	mov	qword ptr [rsp + 8], rcx
0x53ff95:	mov	qword ptr [rsp + 0x10], rax
0x53ff9a:	mov	rcx, 0x443
0x53ffa1:	call	0x540e48
('Block @ {}', '0x540e48')
0x540e48:	lahf	
0x540e49:	seto	al
0x540e4c:	mov	rdx, qword ptr [rip + 0x275355]
0x540e53:	test	rdx, rdx
0x540e56:	je	0x540e78
('Block @ {}', '0x540e78')
0x540e78:	cmp	byte ptr [rip + 0x275341], 0
0x540e7f:	jne	0x540e70
('Block @ {}', '0x540e70')
0x540e70:	add	al, 0x7f
0x540e72:	sahf	
0x540e73:	ret	
('Block @ {}', '0x53ffa6')
0x53ffa6:	mov	rax, qword ptr [rsp + 0x10]
0x53ffab:	mov	rcx, qword ptr [rsp + 8]
0x53ffb0:	mov	rdx, qword ptr [rsp]
0x53ffb4:	lea	rsp, qword ptr [rsp + 0x98]
0x53ffbc:	mov	rax, qword ptr [r14]
0x53ffbf:	movsxd	rbx, r15d
0x53ffc2:	lea	rcx, qword ptr [rbx*8]
0x53ffca:	mov	rdi, qword ptr [rax + rbx*8]
0x53ffce:	mov	qword ptr [rbp - 0xc8], rcx
0x53ffd5:	cmp	byte ptr [rdi], 0x40
0x53ffd8:	jne	0x53ff00
('Block @ {}', '0x53ff00')
0x53ff00:	mov	r13d, r15d
0x53ff03:	nop	
0x53ff04:	lea	rsp, qword ptr [rsp - 0x98]
0x53ff0c:	mov	qword ptr [rsp], rdx
0x53ff10:	mov	qword ptr [rsp + 8], rcx
0x53ff15:	mov	qword ptr [rsp + 0x10], rax
0x53ff1a:	mov	rcx, 0xd212
0x53ff21:	call	0x540e48
('Block @ {}', '0x540e48')
0x540e48:	lahf	
0x540e49:	seto	al
0x540e4c:	mov	rdx, qword ptr [rip + 0x275355]
0x540e53:	test	rdx, rdx
0x540e56:	je	0x540e78
('Block @ {}', '0x540e78')
0x540e78:	cmp	byte ptr [rip + 0x275341], 0
0x540e7f:	jne	0x540e70
('Block @ {}', '0x540e70')
0x540e70:	add	al, 0x7f
0x540e72:	sahf	
0x540e73:	ret	
('Block @ {}', '0x53ff26')
0x53ff26:	mov	rax, qword ptr [rsp + 0x10]
0x53ff2b:	mov	rcx, qword ptr [rsp + 8]
0x53ff30:	mov	rdx, qword ptr [rsp]
0x53ff34:	lea	rsp, qword ptr [rsp + 0x98]
0x53ff3c:	lea	r15d, dword ptr [r13 + 1]
0x53ff40:	cmp	r15d, r8d
0x53ff43:	jge	0x54037c
('Block @ {}', '0x54037c')
0x54037c:	lea	rsp, qword ptr [rsp - 0x98]
0x540384:	mov	qword ptr [rsp], rdx
0x540388:	mov	qword ptr [rsp + 8], rcx
0x54038d:	mov	qword ptr [rsp + 0x10], rax
0x540392:	mov	rcx, 0x504b
0x540399:	call	0x540e48
('Block @ {}', '0x540e48')
0x540e48:	lahf	
0x540e49:	seto	al
0x540e4c:	mov	rdx, qword ptr [rip + 0x275355]
0x540e53:	test	rdx, rdx
0x540e56:	je	0x540e78
('Block @ {}', '0x540e78')
0x540e78:	cmp	byte ptr [rip + 0x275341], 0
0x540e7f:	jne	0x540e70
('Block @ {}', '0x540e70')
0x540e70:	add	al, 0x7f
0x540e72:	sahf	
0x540e73:	ret	
('Block @ {}', '0x54039e')
0x54039e:	mov	rax, qword ptr [rsp + 0x10]
0x5403a3:	mov	rcx, qword ptr [rsp + 8]
0x5403a8:	mov	rdx, qword ptr [rsp]
0x5403ac:	lea	rsp, qword ptr [rsp + 0x98]
0x5403b4:	add	rsp, 0xe8
0x5403bb:	pop	rbx
0x5403bc:	pop	r12
0x5403be:	pop	r13
0x5403c0:	pop	r14
0x5403c2:	pop	r15
0x5403c4:	pop	rbp
0x5403c5:	ret	
('Block @ {}', '0x4024fb')
0x4024fb:	mov	ebx, dword ptr [rip + 0x3b20ef]
0x402501:	test	ebx, ebx
0x402503:	jne	0x402826
('Block @ {}', '0x402509')
0x402509:	nop	dword ptr [rax]
0x40250c:	lea	rsp, qword ptr [rsp - 0x98]
0x402514:	mov	qword ptr [rsp], rdx
0x402518:	mov	qword ptr [rsp + 8], rcx
0x40251d:	mov	qword ptr [rsp + 0x10], rax
0x402522:	mov	rcx, 0x9da4
0x402529:	call	0x49e428
('Block @ {}', '0x49e428')
0x49e428:	lahf	
0x49e429:	seto	al
0x49e42c:	mov	rdx, qword ptr [rip + 0x3174c5]
0x49e433:	test	rdx, rdx
0x49e436:	je	0x49e458
('Block @ {}', '0x49e458')
0x49e458:	cmp	byte ptr [rip + 0x3174b1], 0
0x49e45f:	jne	0x49e450
('Block @ {}', '0x49e450')
0x49e450:	add	al, 0x7f
0x49e452:	sahf	
0x49e453:	ret	
('Block @ {}', '0x40252e')
0x40252e:	mov	rax, qword ptr [rsp + 0x10]
0x402533:	mov	rcx, qword ptr [rsp + 8]
0x402538:	mov	rdx, qword ptr [rsp]
0x40253c:	lea	rsp, qword ptr [rsp + 0x98]
0x402544:	lea	rsp, qword ptr [rsp - 0x98]
0x40254c:	mov	qword ptr [rsp], rdx
0x402550:	mov	qword ptr [rsp + 8], rcx
0x402555:	mov	qword ptr [rsp + 0x10], rax
0x40255a:	mov	rcx, 0x220a
0x402561:	call	0x49e428
('Block @ {}', '0x49e428')
0x49e428:	lahf	
0x49e429:	seto	al
0x49e42c:	mov	rdx, qword ptr [rip + 0x3174c5]
0x49e433:	test	rdx, rdx
0x49e436:	je	0x49e458
('Block @ {}', '0x49e458')
0x49e458:	cmp	byte ptr [rip + 0x3174b1], 0
0x49e45f:	jne	0x49e450
('Block @ {}', '0x49e450')
0x49e450:	add	al, 0x7f
0x49e452:	sahf	
0x49e453:	ret	
('Block @ {}', '0x402566')
0x402566:	mov	rax, qword ptr [rsp + 0x10]
0x40256b:	mov	rcx, qword ptr [rsp + 8]
0x402570:	mov	rdx, qword ptr [rsp]
0x402574:	lea	rsp, qword ptr [rsp + 0x98]
0x40257c:	mov	edx, dword ptr [rbp - 0x14]
0x40257f:	mov	eax, dword ptr [rip + 0x3b1763]
0x402585:	lea	ecx, dword ptr [rdx - 1]
0x402588:	cmp	ecx, eax
0x40258a:	jle	0x402623
('Block @ {}', '0x402590')
0x402590:	lea	rsp, qword ptr [rsp - 0x98]
0x402598:	mov	qword ptr [rsp], rdx
0x40259c:	mov	qword ptr [rsp + 8], rcx
0x4025a1:	mov	qword ptr [rsp + 0x10], rax
0x4025a6:	mov	rcx, 0x876c
0x4025ad:	call	0x49e428
('Block @ {}', '0x49e428')
0x49e428:	lahf	
0x49e429:	seto	al
0x49e42c:	mov	rdx, qword ptr [rip + 0x3174c5]
0x49e433:	test	rdx, rdx
0x49e436:	je	0x49e458
('Block @ {}', '0x49e458')
0x49e458:	cmp	byte ptr [rip + 0x3174b1], 0
0x49e45f:	jne	0x49e450
('Block @ {}', '0x49e450')
0x49e450:	add	al, 0x7f
0x49e452:	sahf	
0x49e453:	ret	
('Block @ {}', '0x4025b2')
0x4025b2:	mov	rax, qword ptr [rsp + 0x10]
0x4025b7:	mov	rcx, qword ptr [rsp + 8]
0x4025bc:	mov	rdx, qword ptr [rsp]
0x4025c0:	lea	rsp, qword ptr [rsp + 0x98]
0x4025c8:	mov	dword ptr [rip + 0x3b2076], 1
0x4025d2:	nop	
0x4025d4:	lea	rsp, qword ptr [rsp - 0x98]
0x4025dc:	mov	qword ptr [rsp], rdx
0x4025e0:	mov	qword ptr [rsp + 8], rcx
0x4025e5:	mov	qword ptr [rsp + 0x10], rax
0x4025ea:	mov	rcx, 0x74d9
0x4025f1:	call	0x49e428
('Block @ {}', '0x49e428')
0x49e428:	lahf	
0x49e429:	seto	al
0x49e42c:	mov	rdx, qword ptr [rip + 0x3174c5]
0x49e433:	test	rdx, rdx
0x49e436:	je	0x49e458
('Block @ {}', '0x49e458')
0x49e458:	cmp	byte ptr [rip + 0x3174b1], 0
0x49e45f:	jne	0x49e450
('Block @ {}', '0x49e450')
0x49e450:	add	al, 0x7f
0x49e452:	sahf	
0x49e453:	ret	
('Block @ {}', '0x4025f6')
0x4025f6:	mov	rax, qword ptr [rsp + 0x10]
0x4025fb:	mov	rcx, qword ptr [rsp + 8]
0x402600:	mov	rdx, qword ptr [rsp]
0x402604:	lea	rsp, qword ptr [rsp + 0x98]
0x40260c:	mov	edi, 0x57b657
0x402611:	call	0x4014a0
('Block @ {}', '0x4014a0')
0x4014a0:	jmp	qword ptr [rip + 0x3b0bc2]
('Block @ {}', '0x4014a6')
0x4014a6:	push	0xa
0x4014ab:	jmp	0x4013f0
('Block @ {}', '0x4013f0')
0x4013f0:	push	qword ptr [rip + 0x3b0c12]
0x4013f6:	jmp	qword ptr [rip + 0x3b0c14]
('Block @ {}', '0x402616')
0x402616:	mov	dword ptr [0], 0
0x402621:	ud2	
0x402623:	nop	
0x402624:	lea	rsp, qword ptr [rsp - 0x98]
0x40262c:	mov	qword ptr [rsp], rdx
0x402630:	mov	qword ptr [rsp + 8], rcx
0x402635:	mov	qword ptr [rsp + 0x10], rax
0x40263a:	mov	rcx, 0xf18d
0x402641:	call	0x49e428

================== PRINTING CONSTRAINTS ================

[+] Constraint at:  0x4000000L
[+] Constraint expression: 
(<Bool True>,)

Total Number of Constraints:  1
[+] Collect Constrints Complete
