[+] Tracing binary with input
real_world_poc/CVE-2017-7209/bug_1.o
[+] Binary takes input as file
[+] Return value: -11
[!] Input caused crash during tracing
[+] Crash Addr: 00000000004025f2
[+] Tracing Complete
[+] Collect Constraints from binary

==================== PRINTING TRACE ====================

('Block @ {}', '0x402600')
0x402600:	xor	ebp, ebp
0x402602:	mov	r9, rdx
0x402605:	pop	rsi
0x402606:	mov	rdx, rsp
0x402609:	and	rsp, 0xfffffffffffffff0
0x40260d:	push	rax
0x40260e:	push	rsp
0x40260f:	mov	r8, 0x5a2b90
0x402616:	mov	rcx, 0x5a2b20
0x40261d:	mov	rdi, 0x402560
0x402624:	call	0x401700
('Block @ {}', '0x401700')
0x401700:	jmp	qword ptr [rip + 0x3e0a32]
('Block @ {}', '0x401706')
0x401706:	push	0x24
0x40170b:	jmp	0x4014b0
('Block @ {}', '0x4014b0')
0x4014b0:	push	qword ptr [rip + 0x3e0b52]
0x4014b6:	jmp	qword ptr [rip + 0x3e0b54]
('Block @ {}', '0x5a2b20')
0x5a2b20:	push	r15
0x5a2b22:	push	r14
0x5a2b24:	mov	r15d, edi
0x5a2b27:	push	r13
0x5a2b29:	push	r12
0x5a2b2b:	lea	r12, qword ptr [rip + 0x23f2de]
0x5a2b32:	push	rbp
0x5a2b33:	lea	rbp, qword ptr [rip + 0x23f2de]
0x5a2b3a:	push	rbx
0x5a2b3b:	mov	r14, rsi
0x5a2b3e:	mov	r13, rdx
0x5a2b41:	sub	rbp, r12
0x5a2b44:	sub	rsp, 8
0x5a2b48:	sar	rbp, 3
0x5a2b4c:	call	0x401488
('Block @ {}', '0x401488')
0x401488:	sub	rsp, 8
0x40148c:	mov	rax, qword ptr [rip + 0x3e0b65]
0x401493:	test	rax, rax
0x401496:	je	0x40149d
('Block @ {}', '0x40149d')
0x40149d:	add	rsp, 8
0x4014a1:	ret	
('Block @ {}', '0x5a2b51')
0x5a2b51:	test	rbp, rbp
0x5a2b54:	je	0x5a2b76
('Block @ {}', '0x5a2b56')
0x5a2b56:	xor	ebx, ebx
0x5a2b58:	nop	dword ptr [rax + rax]
0x5a2b60:	mov	rdx, r13
0x5a2b63:	mov	rsi, r14
0x5a2b66:	mov	edi, r15d
0x5a2b69:	call	qword ptr [r12 + rbx*8]
('Block @ {}', '0x4026d0')
0x4026d0:	mov	edi, 0x7e1e20
0x4026d5:	cmp	qword ptr [rdi], 0
0x4026d9:	jne	0x4026e0
('Block @ {}', '0x4026db')
0x4026db:	jmp	0x402670
('Block @ {}', '0x402670')
0x402670:	mov	esi, 0x7e3cf0
0x402675:	push	rbp
0x402676:	sub	rsi, 0x7e3cf0
0x40267d:	sar	rsi, 3
0x402681:	mov	rbp, rsp
0x402684:	mov	rax, rsi
0x402687:	shr	rax, 0x3f
0x40268b:	add	rsi, rax
0x40268e:	sar	rsi, 1
0x402691:	je	0x4026a8
('Block @ {}', '0x4026a8')
0x4026a8:	pop	rbp
0x4026a9:	ret	
('Block @ {}', '0x5a2b6d')
0x5a2b6d:	add	rbx, 1
0x5a2b71:	cmp	rbx, rbp
0x5a2b74:	jne	0x5a2b60
('Block @ {}', '0x5a2b76')
0x5a2b76:	add	rsp, 8
0x5a2b7a:	pop	rbx
0x5a2b7b:	pop	rbp
0x5a2b7c:	pop	r12
0x5a2b7e:	pop	r13
0x5a2b80:	pop	r14
0x5a2b82:	pop	r15
0x5a2b84:	ret	
('Block @ {}', '0x402560')
0x402560:	lea	rsp, qword ptr [rsp - 0x98]
0x402568:	mov	qword ptr [rsp], rdx
0x40256c:	mov	qword ptr [rsp + 8], rcx
0x402571:	mov	qword ptr [rsp + 0x10], rax
0x402576:	mov	rcx, 0xc4fb
0x40257d:	call	0x4c9978
('Block @ {}', '0x4c9978')
0x4c9978:	lahf	
0x4c9979:	seto	al
0x4c997c:	mov	rdx, qword ptr [rip + 0x31c4f5]
0x4c9983:	test	rdx, rdx
0x4c9986:	je	0x4c99a8
('Block @ {}', '0x4c99a8')
0x4c99a8:	cmp	byte ptr [rip + 0x31c4e1], 0
0x4c99af:	jne	0x4c99a0
('Block @ {}', '0x4c99b1')
0x4c99b1:	lea	rdx, qword ptr [rip + 0x31cef8]
0x4c99b8:	mov	rdx, qword ptr [rdx]
0x4c99bb:	test	rdx, rdx
0x4c99be:	je	0x4c99c9
('Block @ {}', '0x4c99c9')
0x4c99c9:	lea	rsp, qword ptr [rsp - 0x160]
0x4c99d1:	mov	qword ptr [rsp], rax
0x4c99d5:	mov	qword ptr [rsp + 8], rcx
0x4c99da:	mov	qword ptr [rsp + 0x10], rdi
0x4c99df:	mov	qword ptr [rsp + 0x20], rsi
0x4c99e4:	mov	qword ptr [rsp + 0x28], r8
0x4c99e9:	mov	qword ptr [rsp + 0x30], r9
0x4c99ee:	mov	qword ptr [rsp + 0x38], r10
0x4c99f3:	mov	qword ptr [rsp + 0x40], r11
0x4c99f8:	movq	qword ptr [rsp + 0x60], xmm0
0x4c99fe:	movq	qword ptr [rsp + 0x70], xmm1
0x4c9a04:	movq	qword ptr [rsp + 0x80], xmm2
0x4c9a0d:	movq	qword ptr [rsp + 0x90], xmm3
0x4c9a16:	movq	qword ptr [rsp + 0xa0], xmm4
0x4c9a1f:	movq	qword ptr [rsp + 0xb0], xmm5
0x4c9a28:	movq	qword ptr [rsp + 0xc0], xmm6
0x4c9a31:	movq	qword ptr [rsp + 0xd0], xmm7
0x4c9a3a:	movq	qword ptr [rsp + 0xe0], xmm8
0x4c9a44:	movq	qword ptr [rsp + 0xf0], xmm9
0x4c9a4e:	movq	qword ptr [rsp + 0x100], xmm10
0x4c9a58:	movq	qword ptr [rsp + 0x110], xmm11
0x4c9a62:	movq	qword ptr [rsp + 0x120], xmm12
0x4c9a6c:	movq	qword ptr [rsp + 0x130], xmm13
0x4c9a76:	movq	qword ptr [rsp + 0x140], xmm14
0x4c9a80:	movq	qword ptr [rsp + 0x150], xmm15
0x4c9a8a:	push	r12
0x4c9a8c:	mov	r12, rsp
0x4c9a8f:	sub	rsp, 0x10
0x4c9a93:	and	rsp, 0xfffffffffffffff0
0x4c9a97:	lea	rdi, qword ptr [rip + 0x2c1]
0x4c9a9e:	call	0x4014d0
('Block @ {}', '0x4014d0')
0x4014d0:	jmp	qword ptr [rip + 0x3e0b4a]
('Block @ {}', '0x4014d6')
0x4014d6:	push	1
0x4014db:	jmp	0x4014b0
('Block @ {}', '0x4014b0')
0x4014b0:	push	qword ptr [rip + 0x3e0b52]
0x4014b6:	jmp	qword ptr [rip + 0x3e0b54]
('Block @ {}', '0x4c9aa3')
0x4c9aa3:	test	rax, rax
0x4c9aa6:	je	0x4c9c8e
('Block @ {}', '0x4c9c8e')
0x4c9c8e:	inc	byte ptr [rip + 0x31c1fc]
0x4c9c94:	mov	rsp, r12
0x4c9c97:	pop	r12
0x4c9c99:	mov	rax, qword ptr [rsp]
0x4c9c9d:	mov	rcx, qword ptr [rsp + 8]
0x4c9ca2:	mov	rdi, qword ptr [rsp + 0x10]
0x4c9ca7:	mov	rsi, qword ptr [rsp + 0x20]
0x4c9cac:	mov	r8, qword ptr [rsp + 0x28]
0x4c9cb1:	mov	r9, qword ptr [rsp + 0x30]
0x4c9cb6:	mov	r10, qword ptr [rsp + 0x38]
0x4c9cbb:	mov	r11, qword ptr [rsp + 0x40]
0x4c9cc0:	movq	xmm0, qword ptr [rsp + 0x60]
0x4c9cc6:	movq	xmm1, qword ptr [rsp + 0x70]
0x4c9ccc:	movq	xmm2, qword ptr [rsp + 0x80]
0x4c9cd5:	movq	xmm3, qword ptr [rsp + 0x90]
0x4c9cde:	movq	xmm4, qword ptr [rsp + 0xa0]
0x4c9ce7:	movq	xmm5, qword ptr [rsp + 0xb0]
0x4c9cf0:	movq	xmm6, qword ptr [rsp + 0xc0]
0x4c9cf9:	movq	xmm7, qword ptr [rsp + 0xd0]
0x4c9d02:	movq	xmm8, qword ptr [rsp + 0xe0]
0x4c9d0c:	movq	xmm9, qword ptr [rsp + 0xf0]
0x4c9d16:	movq	xmm10, qword ptr [rsp + 0x100]
0x4c9d20:	movq	xmm11, qword ptr [rsp + 0x110]
0x4c9d2a:	movq	xmm12, qword ptr [rsp + 0x120]
0x4c9d34:	movq	xmm13, qword ptr [rsp + 0x130]
0x4c9d3e:	movq	xmm14, qword ptr [rsp + 0x140]
0x4c9d48:	movq	xmm15, qword ptr [rsp + 0x150]
0x4c9d52:	lea	rsp, qword ptr [rsp + 0x160]
0x4c9d5a:	jmp	0x4c99a0
('Block @ {}', '0x4c99a0')
0x4c99a0:	add	al, 0x7f
0x4c99a2:	sahf	
0x4c99a3:	ret	
('Block @ {}', '0x402582')
0x402582:	mov	rax, qword ptr [rsp + 0x10]
0x402587:	mov	rcx, qword ptr [rsp + 8]
0x40258c:	mov	rdx, qword ptr [rsp]
0x402590:	lea	rsp, qword ptr [rsp + 0x98]
0x402598:	push	rbp
0x402599:	mov	rbp, rsp
0x40259c:	sub	rsp, 0x10
0x4025a0:	mov	dword ptr [rbp - 4], edi
0x4025a3:	mov	qword ptr [rbp - 0x10], rsi
0x4025a7:	mov	edi, 5
0x4025ac:	mov	esi, 0x5a4e4d
0x4025b1:	call	0x4017f0
('Block @ {}', '0x4017f0')
0x4017f0:	jmp	qword ptr [rip + 0x3e09ba]
('Block @ {}', '0x4017f6')
0x4017f6:	push	0x33
0x4017fb:	jmp	0x4014b0
('Block @ {}', '0x4014b0')
0x4014b0:	push	qword ptr [rip + 0x3e0b52]
0x4014b6:	jmp	qword ptr [rip + 0x3e0b54]
('Block @ {}', '0x4025b6')
0x4025b6:	xor	edi, edi
0x4025b8:	mov	esi, 0x5a4e4d
0x4025bd:	call	0x4017f0
('Block @ {}', '0x4017f0')
0x4017f0:	jmp	qword ptr [rip + 0x3e09ba]
('Block @ {}', '0x4025c2')
0x4025c2:	mov	esi, 0x5a80ee
0x4025c7:	mov	edi, 0x5a8106
0x4025cc:	call	0x4015d0
('Block @ {}', '0x4015d0')
0x4015d0:	jmp	qword ptr [rip + 0x3e0aca]
('Block @ {}', '0x4015d6')
0x4015d6:	push	0x11
0x4015db:	jmp	0x4014b0
('Block @ {}', '0x4014b0')
0x4014b0:	push	qword ptr [rip + 0x3e0b52]
0x4014b6:	jmp	qword ptr [rip + 0x3e0b54]
('Block @ {}', '0x4025d1')
0x4025d1:	mov	edi, 0x5a8106
0x4025d6:	call	0x4015b0
('Block @ {}', '0x4015b0')
0x4015b0:	jmp	qword ptr [rip + 0x3e0ada]
('Block @ {}', '0x4015b6')
0x4015b6:	push	0xf
0x4015bb:	jmp	0x4014b0
('Block @ {}', '0x4014b0')
0x4014b0:	push	qword ptr [rip + 0x3e0b52]
0x4014b6:	jmp	qword ptr [rip + 0x3e0b54]
('Block @ {}', '0x4025db')
0x4025db:	lea	rsi, qword ptr [rbp - 0x10]
0x4025df:	lea	rdi, qword ptr [rbp - 4]
0x4025e3:	call	0x56b3e0
('Block @ {}', '0x56b3e0')
0x56b3e0:	lea	rsp, qword ptr [rsp - 0x98]
0x56b3e8:	mov	qword ptr [rsp], rdx
0x56b3ec:	mov	qword ptr [rsp + 8], rcx
0x56b3f1:	mov	qword ptr [rsp + 0x10], rax
0x56b3f6:	mov	rcx, 0x637f
0x56b3fd:	call	0x56c398
('Block @ {}', '0x56c398')
0x56c398:	lahf	
0x56c399:	seto	al
0x56c39c:	mov	rdx, qword ptr [rip + 0x27a385]
0x56c3a3:	test	rdx, rdx
0x56c3a6:	je	0x56c3c8
('Block @ {}', '0x56c3c8')
0x56c3c8:	cmp	byte ptr [rip + 0x27a371], 0
0x56c3cf:	jne	0x56c3c0
('Block @ {}', '0x56c3d1')
0x56c3d1:	lea	rdx, qword ptr [rip + 0x27a4d8]
0x56c3d8:	mov	rdx, qword ptr [rdx]
0x56c3db:	test	rdx, rdx
0x56c3de:	je	0x56c3e9
('Block @ {}', '0x56c3e9')
0x56c3e9:	lea	rsp, qword ptr [rsp - 0x160]
0x56c3f1:	mov	qword ptr [rsp], rax
0x56c3f5:	mov	qword ptr [rsp + 8], rcx
0x56c3fa:	mov	qword ptr [rsp + 0x10], rdi
0x56c3ff:	mov	qword ptr [rsp + 0x20], rsi
0x56c404:	mov	qword ptr [rsp + 0x28], r8
0x56c409:	mov	qword ptr [rsp + 0x30], r9
0x56c40e:	mov	qword ptr [rsp + 0x38], r10
0x56c413:	mov	qword ptr [rsp + 0x40], r11
0x56c418:	movq	qword ptr [rsp + 0x60], xmm0
0x56c41e:	movq	qword ptr [rsp + 0x70], xmm1
0x56c424:	movq	qword ptr [rsp + 0x80], xmm2
0x56c42d:	movq	qword ptr [rsp + 0x90], xmm3
0x56c436:	movq	qword ptr [rsp + 0xa0], xmm4
0x56c43f:	movq	qword ptr [rsp + 0xb0], xmm5
0x56c448:	movq	qword ptr [rsp + 0xc0], xmm6
0x56c451:	movq	qword ptr [rsp + 0xd0], xmm7
0x56c45a:	movq	qword ptr [rsp + 0xe0], xmm8
0x56c464:	movq	qword ptr [rsp + 0xf0], xmm9
0x56c46e:	movq	qword ptr [rsp + 0x100], xmm10
0x56c478:	movq	qword ptr [rsp + 0x110], xmm11
0x56c482:	movq	qword ptr [rsp + 0x120], xmm12
0x56c48c:	movq	qword ptr [rsp + 0x130], xmm13
0x56c496:	movq	qword ptr [rsp + 0x140], xmm14
0x56c4a0:	movq	qword ptr [rsp + 0x150], xmm15
0x56c4aa:	push	r12
0x56c4ac:	mov	r12, rsp
0x56c4af:	sub	rsp, 0x10
0x56c4b3:	and	rsp, 0xfffffffffffffff0
0x56c4b7:	lea	rdi, qword ptr [rip + 0x2c1]
0x56c4be:	call	0x4014d0
('Block @ {}', '0x4014d0')
0x4014d0:	jmp	qword ptr [rip + 0x3e0b4a]
('Block @ {}', '0x56c4c3')
0x56c4c3:	test	rax, rax
0x56c4c6:	je	0x56c6ae
('Block @ {}', '0x56c6ae')
0x56c6ae:	inc	byte ptr [rip + 0x27a08c]
0x56c6b4:	mov	rsp, r12
0x56c6b7:	pop	r12
0x56c6b9:	mov	rax, qword ptr [rsp]
0x56c6bd:	mov	rcx, qword ptr [rsp + 8]
0x56c6c2:	mov	rdi, qword ptr [rsp + 0x10]
0x56c6c7:	mov	rsi, qword ptr [rsp + 0x20]
0x56c6cc:	mov	r8, qword ptr [rsp + 0x28]
0x56c6d1:	mov	r9, qword ptr [rsp + 0x30]
0x56c6d6:	mov	r10, qword ptr [rsp + 0x38]
0x56c6db:	mov	r11, qword ptr [rsp + 0x40]
0x56c6e0:	movq	xmm0, qword ptr [rsp + 0x60]
0x56c6e6:	movq	xmm1, qword ptr [rsp + 0x70]
0x56c6ec:	movq	xmm2, qword ptr [rsp + 0x80]
0x56c6f5:	movq	xmm3, qword ptr [rsp + 0x90]
0x56c6fe:	movq	xmm4, qword ptr [rsp + 0xa0]
0x56c707:	movq	xmm5, qword ptr [rsp + 0xb0]
0x56c710:	movq	xmm6, qword ptr [rsp + 0xc0]
0x56c719:	movq	xmm7, qword ptr [rsp + 0xd0]
0x56c722:	movq	xmm8, qword ptr [rsp + 0xe0]
0x56c72c:	movq	xmm9, qword ptr [rsp + 0xf0]
0x56c736:	movq	xmm10, qword ptr [rsp + 0x100]
0x56c740:	movq	xmm11, qword ptr [rsp + 0x110]
0x56c74a:	movq	xmm12, qword ptr [rsp + 0x120]
0x56c754:	movq	xmm13, qword ptr [rsp + 0x130]
0x56c75e:	movq	xmm14, qword ptr [rsp + 0x140]
0x56c768:	movq	xmm15, qword ptr [rsp + 0x150]
0x56c772:	lea	rsp, qword ptr [rsp + 0x160]
0x56c77a:	jmp	0x56c3c0
('Block @ {}', '0x56c3c0')
0x56c3c0:	add	al, 0x7f
0x56c3c2:	sahf	
0x56c3c3:	ret	
('Block @ {}', '0x56b402')
0x56b402:	mov	rax, qword ptr [rsp + 0x10]
0x56b407:	mov	rcx, qword ptr [rsp + 8]
0x56b40c:	mov	rdx, qword ptr [rsp]
0x56b410:	lea	rsp, qword ptr [rsp + 0x98]
0x56b418:	push	rbp
0x56b419:	mov	rbp, rsp
0x56b41c:	push	r15
0x56b41e:	push	r14
0x56b420:	push	r13
0x56b422:	push	r12
0x56b424:	xor	r15d, r15d
0x56b427:	push	rbx
0x56b428:	mov	r14, rsi
0x56b42b:	mov	r13d, r15d
0x56b42e:	sub	rsp, 0xe8
0x56b435:	mov	qword ptr [rbp - 0xd0], rdi
0x56b43c:	mov	r8d, dword ptr [rdi]
0x56b43f:	mov	dword ptr [rbp - 0xd4], 0x7d0
0x56b449:	jmp	0x56b453
('Block @ {}', '0x56b453')
0x56b453:	nop	
0x56b454:	lea	rsp, qword ptr [rsp - 0x98]
0x56b45c:	mov	qword ptr [rsp], rdx
0x56b460:	mov	qword ptr [rsp + 8], rcx
0x56b465:	mov	qword ptr [rsp + 0x10], rax
0x56b46a:	mov	rcx, 0xd212
0x56b471:	call	0x56c398
('Block @ {}', '0x56c398')
0x56c398:	lahf	
0x56c399:	seto	al
0x56c39c:	mov	rdx, qword ptr [rip + 0x27a385]
0x56c3a3:	test	rdx, rdx
0x56c3a6:	je	0x56c3c8
('Block @ {}', '0x56c3c8')
0x56c3c8:	cmp	byte ptr [rip + 0x27a371], 0
0x56c3cf:	jne	0x56c3c0
('Block @ {}', '0x56c3c0')
0x56c3c0:	add	al, 0x7f
0x56c3c2:	sahf	
0x56c3c3:	ret	
('Block @ {}', '0x56b476')
0x56b476:	mov	rax, qword ptr [rsp + 0x10]
0x56b47b:	mov	rcx, qword ptr [rsp + 8]
0x56b480:	mov	rdx, qword ptr [rsp]
0x56b484:	lea	rsp, qword ptr [rsp + 0x98]
0x56b48c:	lea	r15d, dword ptr [r13 + 1]
0x56b490:	cmp	r15d, r8d
0x56b493:	jge	0x56b8cc
('Block @ {}', '0x56b499')
0x56b499:	nop	dword ptr [rax]
0x56b49c:	lea	rsp, qword ptr [rsp - 0x98]
0x56b4a4:	mov	qword ptr [rsp], rdx
0x56b4a8:	mov	qword ptr [rsp + 8], rcx
0x56b4ad:	mov	qword ptr [rsp + 0x10], rax
0x56b4b2:	mov	rcx, 0xce9d
0x56b4b9:	call	0x56c398
('Block @ {}', '0x56c398')
0x56c398:	lahf	
0x56c399:	seto	al
0x56c39c:	mov	rdx, qword ptr [rip + 0x27a385]
0x56c3a3:	test	rdx, rdx
0x56c3a6:	je	0x56c3c8
('Block @ {}', '0x56c3c8')
0x56c3c8:	cmp	byte ptr [rip + 0x27a371], 0
0x56c3cf:	jne	0x56c3c0
('Block @ {}', '0x56c3c0')
0x56c3c0:	add	al, 0x7f
0x56c3c2:	sahf	
0x56c3c3:	ret	
('Block @ {}', '0x56b4be')
0x56b4be:	mov	rax, qword ptr [rsp + 0x10]
0x56b4c3:	mov	rcx, qword ptr [rsp + 8]
0x56b4c8:	mov	rdx, qword ptr [rsp]
0x56b4cc:	lea	rsp, qword ptr [rsp + 0x98]
0x56b4d4:	lea	rsp, qword ptr [rsp - 0x98]
0x56b4dc:	mov	qword ptr [rsp], rdx
0x56b4e0:	mov	qword ptr [rsp + 8], rcx
0x56b4e5:	mov	qword ptr [rsp + 0x10], rax
0x56b4ea:	mov	rcx, 0x443
0x56b4f1:	call	0x56c398
('Block @ {}', '0x56c398')
0x56c398:	lahf	
0x56c399:	seto	al
0x56c39c:	mov	rdx, qword ptr [rip + 0x27a385]
0x56c3a3:	test	rdx, rdx
0x56c3a6:	je	0x56c3c8
('Block @ {}', '0x56c3c8')
0x56c3c8:	cmp	byte ptr [rip + 0x27a371], 0
0x56c3cf:	jne	0x56c3c0
('Block @ {}', '0x56c3c0')
0x56c3c0:	add	al, 0x7f
0x56c3c2:	sahf	
0x56c3c3:	ret	
('Block @ {}', '0x56b4f6')
0x56b4f6:	mov	rax, qword ptr [rsp + 0x10]
0x56b4fb:	mov	rcx, qword ptr [rsp + 8]
0x56b500:	mov	rdx, qword ptr [rsp]
0x56b504:	lea	rsp, qword ptr [rsp + 0x98]
0x56b50c:	mov	rax, qword ptr [r14]
0x56b50f:	movsxd	rbx, r15d
0x56b512:	lea	rcx, qword ptr [rbx*8]
0x56b51a:	mov	rdi, qword ptr [rax + rbx*8]
0x56b51e:	mov	qword ptr [rbp - 0xc8], rcx
0x56b525:	cmp	byte ptr [rdi], 0x40
0x56b528:	jne	0x56b450
('Block @ {}', '0x56b450')
0x56b450:	mov	r13d, r15d
0x56b453:	nop	
0x56b454:	lea	rsp, qword ptr [rsp - 0x98]
0x56b45c:	mov	qword ptr [rsp], rdx
0x56b460:	mov	qword ptr [rsp + 8], rcx
0x56b465:	mov	qword ptr [rsp + 0x10], rax
0x56b46a:	mov	rcx, 0xd212
0x56b471:	call	0x56c398
('Block @ {}', '0x56c398')
0x56c398:	lahf	
0x56c399:	seto	al
0x56c39c:	mov	rdx, qword ptr [rip + 0x27a385]
0x56c3a3:	test	rdx, rdx
0x56c3a6:	je	0x56c3c8
('Block @ {}', '0x56c3c8')
0x56c3c8:	cmp	byte ptr [rip + 0x27a371], 0
0x56c3cf:	jne	0x56c3c0
('Block @ {}', '0x56c3c0')
0x56c3c0:	add	al, 0x7f
0x56c3c2:	sahf	
0x56c3c3:	ret	
('Block @ {}', '0x56b476')
0x56b476:	mov	rax, qword ptr [rsp + 0x10]
0x56b47b:	mov	rcx, qword ptr [rsp + 8]
0x56b480:	mov	rdx, qword ptr [rsp]
0x56b484:	lea	rsp, qword ptr [rsp + 0x98]
0x56b48c:	lea	r15d, dword ptr [r13 + 1]
0x56b490:	cmp	r15d, r8d
0x56b493:	jge	0x56b8cc
('Block @ {}', '0x56b499')
0x56b499:	nop	dword ptr [rax]
0x56b49c:	lea	rsp, qword ptr [rsp - 0x98]
0x56b4a4:	mov	qword ptr [rsp], rdx
0x56b4a8:	mov	qword ptr [rsp + 8], rcx
0x56b4ad:	mov	qword ptr [rsp + 0x10], rax
0x56b4b2:	mov	rcx, 0xce9d
0x56b4b9:	call	0x56c398
('Block @ {}', '0x56c398')
0x56c398:	lahf	
0x56c399:	seto	al
0x56c39c:	mov	rdx, qword ptr [rip + 0x27a385]
0x56c3a3:	test	rdx, rdx
0x56c3a6:	je	0x56c3c8
('Block @ {}', '0x56c3c8')
0x56c3c8:	cmp	byte ptr [rip + 0x27a371], 0
0x56c3cf:	jne	0x56c3c0
('Block @ {}', '0x56c3c0')
0x56c3c0:	add	al, 0x7f
0x56c3c2:	sahf	
0x56c3c3:	ret	
('Block @ {}', '0x56b4be')
0x56b4be:	mov	rax, qword ptr [rsp + 0x10]
0x56b4c3:	mov	rcx, qword ptr [rsp + 8]
0x56b4c8:	mov	rdx, qword ptr [rsp]
0x56b4cc:	lea	rsp, qword ptr [rsp + 0x98]
0x56b4d4:	lea	rsp, qword ptr [rsp - 0x98]
0x56b4dc:	mov	qword ptr [rsp], rdx
0x56b4e0:	mov	qword ptr [rsp + 8], rcx
0x56b4e5:	mov	qword ptr [rsp + 0x10], rax
0x56b4ea:	mov	rcx, 0x443
0x56b4f1:	call	0x56c398
('Block @ {}', '0x56c398')
0x56c398:	lahf	
0x56c399:	seto	al
0x56c39c:	mov	rdx, qword ptr [rip + 0x27a385]
0x56c3a3:	test	rdx, rdx
0x56c3a6:	je	0x56c3c8
('Block @ {}', '0x56c3c8')
0x56c3c8:	cmp	byte ptr [rip + 0x27a371], 0
0x56c3cf:	jne	0x56c3c0
('Block @ {}', '0x56c3c0')
0x56c3c0:	add	al, 0x7f
0x56c3c2:	sahf	
0x56c3c3:	ret	
('Block @ {}', '0x56b4f6')
0x56b4f6:	mov	rax, qword ptr [rsp + 0x10]
0x56b4fb:	mov	rcx, qword ptr [rsp + 8]
0x56b500:	mov	rdx, qword ptr [rsp]
0x56b504:	lea	rsp, qword ptr [rsp + 0x98]
0x56b50c:	mov	rax, qword ptr [r14]
0x56b50f:	movsxd	rbx, r15d
0x56b512:	lea	rcx, qword ptr [rbx*8]
0x56b51a:	mov	rdi, qword ptr [rax + rbx*8]
0x56b51e:	mov	qword ptr [rbp - 0xc8], rcx
0x56b525:	cmp	byte ptr [rdi], 0x40
0x56b528:	jne	0x56b450
('Block @ {}', '0x56b450')
0x56b450:	mov	r13d, r15d
0x56b453:	nop	
0x56b454:	lea	rsp, qword ptr [rsp - 0x98]
0x56b45c:	mov	qword ptr [rsp], rdx
0x56b460:	mov	qword ptr [rsp + 8], rcx
0x56b465:	mov	qword ptr [rsp + 0x10], rax
0x56b46a:	mov	rcx, 0xd212
0x56b471:	call	0x56c398
('Block @ {}', '0x56c398')
0x56c398:	lahf	
0x56c399:	seto	al
0x56c39c:	mov	rdx, qword ptr [rip + 0x27a385]
0x56c3a3:	test	rdx, rdx
0x56c3a6:	je	0x56c3c8
('Block @ {}', '0x56c3c8')
0x56c3c8:	cmp	byte ptr [rip + 0x27a371], 0
0x56c3cf:	jne	0x56c3c0
('Block @ {}', '0x56c3c0')
0x56c3c0:	add	al, 0x7f
0x56c3c2:	sahf	
0x56c3c3:	ret	
('Block @ {}', '0x56b476')
0x56b476:	mov	rax, qword ptr [rsp + 0x10]
0x56b47b:	mov	rcx, qword ptr [rsp + 8]
0x56b480:	mov	rdx, qword ptr [rsp]
0x56b484:	lea	rsp, qword ptr [rsp + 0x98]
0x56b48c:	lea	r15d, dword ptr [r13 + 1]
0x56b490:	cmp	r15d, r8d
0x56b493:	jge	0x56b8cc
('Block @ {}', '0x56b8cc')
0x56b8cc:	lea	rsp, qword ptr [rsp - 0x98]
0x56b8d4:	mov	qword ptr [rsp], rdx
0x56b8d8:	mov	qword ptr [rsp + 8], rcx
0x56b8dd:	mov	qword ptr [rsp + 0x10], rax
0x56b8e2:	mov	rcx, 0x504b
0x56b8e9:	call	0x56c398
('Block @ {}', '0x56c398')
0x56c398:	lahf	
0x56c399:	seto	al
0x56c39c:	mov	rdx, qword ptr [rip + 0x27a385]
0x56c3a3:	test	rdx, rdx
0x56c3a6:	je	0x56c3c8
('Block @ {}', '0x56c3c8')
0x56c3c8:	cmp	byte ptr [rip + 0x27a371], 0
0x56c3cf:	jne	0x56c3c0
('Block @ {}', '0x56c3c0')
0x56c3c0:	add	al, 0x7f
0x56c3c2:	sahf	
0x56c3c3:	ret	
('Block @ {}', '0x56b8ee')
0x56b8ee:	mov	rax, qword ptr [rsp + 0x10]
0x56b8f3:	mov	rcx, qword ptr [rsp + 8]
0x56b8f8:	mov	rdx, qword ptr [rsp]
0x56b8fc:	lea	rsp, qword ptr [rsp + 0x98]
0x56b904:	add	rsp, 0xe8
0x56b90b:	pop	rbx
0x56b90c:	pop	r12
0x56b90e:	pop	r13
0x56b910:	pop	r14
0x56b912:	pop	r15
0x56b914:	pop	rbp
0x56b915:	ret	
('Block @ {}', '0x4025e8')
0x4025e8:	mov	edi, 0x5bb570
0x4025ed:	call	0x401560
('Block @ {}', '0x401560')
0x401560:	jmp	qword ptr [rip + 0x3e0b02]
('Block @ {}', '0x401566')
0x401566:	push	0xa
0x40156b:	jmp	0x4014b0
('Block @ {}', '0x4014b0')
0x4014b0:	push	qword ptr [rip + 0x3e0b52]
0x4014b6:	jmp	qword ptr [rip + 0x3e0b54]
('Block @ {}', '0x4025f2')
0x4025f2:	mov	dword ptr [0], 0
0x4025fd:	ud2	
0x4025ff:	nop	
0x402600:	xor	ebp, ebp
0x402602:	mov	r9, rdx
0x402605:	pop	rsi
0x402606:	mov	rdx, rsp
0x402609:	and	rsp, 0xfffffffffffffff0
0x40260d:	push	rax
0x40260e:	push	rsp
0x40260f:	mov	r8, 0x5a2b90
0x402616:	mov	rcx, 0x5a2b20
0x40261d:	mov	rdi, 0x402560
0x402624:	call	0x401700

================== PRINTING CONSTRAINTS ================

[+] Constraint at:  0x4000000L
[+] Constraint expression: 
(<Bool True>,)

Total Number of Constraints:  1
[+] Collect Constrints Complete
