[+] Tracing binary with input
real_world_poc/CVE-2017-7209/bug_1.o
[+] Binary takes input as file
[+] Return value: -11
[!] Input caused crash during tracing
[+] Crash Addr: 0000000000402816
[+] Tracing Complete
[+] Collect Constraints from binary

==================== PRINTING TRACE ====================

('Block @ {}', '0x403890')
0x403890:	xor	ebp, ebp
0x403892:	mov	r9, rdx
0x403895:	pop	rsi
0x403896:	mov	rdx, rsp
0x403899:	and	rsp, 0xfffffffffffffff0
0x40389d:	push	rax
0x40389e:	push	rsp
0x40389f:	mov	r8, 0x5a3e20
0x4038a6:	mov	rcx, 0x5a3db0
0x4038ad:	mov	rdi, 0x4026d0
0x4038b4:	call	0x401860
('Block @ {}', '0x401860')
0x401860:	jmp	qword ptr [rip + 0x3e18ea]
('Block @ {}', '0x401866')
0x401866:	push	0x27
0x40186b:	jmp	0x4015e0
('Block @ {}', '0x4015e0')
0x4015e0:	push	qword ptr [rip + 0x3e1a22]
0x4015e6:	jmp	qword ptr [rip + 0x3e1a24]
('Block @ {}', '0x5a3db0')
0x5a3db0:	push	r15
0x5a3db2:	push	r14
0x5a3db4:	mov	r15d, edi
0x5a3db7:	push	r13
0x5a3db9:	push	r12
0x5a3dbb:	lea	r12, qword ptr [rip + 0x23f04e]
0x5a3dc2:	push	rbp
0x5a3dc3:	lea	rbp, qword ptr [rip + 0x23f04e]
0x5a3dca:	push	rbx
0x5a3dcb:	mov	r14, rsi
0x5a3dce:	mov	r13, rdx
0x5a3dd1:	sub	rbp, r12
0x5a3dd4:	sub	rsp, 8
0x5a3dd8:	sar	rbp, 3
0x5a3ddc:	call	0x4015b8
('Block @ {}', '0x4015b8')
0x4015b8:	sub	rsp, 8
0x4015bc:	mov	rax, qword ptr [rip + 0x3e1a35]
0x4015c3:	test	rax, rax
0x4015c6:	je	0x4015cd
('Block @ {}', '0x4015cd')
0x4015cd:	add	rsp, 8
0x4015d1:	ret	
('Block @ {}', '0x5a3de1')
0x5a3de1:	test	rbp, rbp
0x5a3de4:	je	0x5a3e06
('Block @ {}', '0x5a3de6')
0x5a3de6:	xor	ebx, ebx
0x5a3de8:	nop	dword ptr [rax + rax]
0x5a3df0:	mov	rdx, r13
0x5a3df3:	mov	rsi, r14
0x5a3df6:	mov	edi, r15d
0x5a3df9:	call	qword ptr [r12 + rbx*8]
('Block @ {}', '0x403960')
0x403960:	mov	edi, 0x7e2e20
0x403965:	cmp	qword ptr [rdi], 0
0x403969:	jne	0x403970
('Block @ {}', '0x40396b')
0x40396b:	jmp	0x403900
('Block @ {}', '0x403900')
0x403900:	mov	esi, 0x7e5170
0x403905:	push	rbp
0x403906:	sub	rsi, 0x7e5170
0x40390d:	sar	rsi, 3
0x403911:	mov	rbp, rsp
0x403914:	mov	rax, rsi
0x403917:	shr	rax, 0x3f
0x40391b:	add	rsi, rax
0x40391e:	sar	rsi, 1
0x403921:	je	0x403938
('Block @ {}', '0x403938')
0x403938:	pop	rbp
0x403939:	ret	
('Block @ {}', '0x5a3dfd')
0x5a3dfd:	add	rbx, 1
0x5a3e01:	cmp	rbx, rbp
0x5a3e04:	jne	0x5a3df0
('Block @ {}', '0x5a3e06')
0x5a3e06:	add	rsp, 8
0x5a3e0a:	pop	rbx
0x5a3e0b:	pop	rbp
0x5a3e0c:	pop	r12
0x5a3e0e:	pop	r13
0x5a3e10:	pop	r14
0x5a3e12:	pop	r15
0x5a3e14:	ret	
('Block @ {}', '0x4026d0')
0x4026d0:	lea	rsp, qword ptr [rsp - 0x98]
0x4026d8:	mov	qword ptr [rsp], rdx
0x4026dc:	mov	qword ptr [rsp + 8], rcx
0x4026e1:	mov	qword ptr [rsp + 0x10], rax
0x4026e6:	mov	rcx, 0x75de
0x4026ed:	call	0x4cac08
('Block @ {}', '0x4cac08')
0x4cac08:	lahf	
0x4cac09:	seto	al
0x4cac0c:	mov	rdx, qword ptr [rip + 0x31c6e5]
0x4cac13:	test	rdx, rdx
0x4cac16:	je	0x4cac38
('Block @ {}', '0x4cac38')
0x4cac38:	cmp	byte ptr [rip + 0x31c6d1], 0
0x4cac3f:	jne	0x4cac30
('Block @ {}', '0x4cac41')
0x4cac41:	lea	rdx, qword ptr [rip + 0x31d0e8]
0x4cac48:	mov	rdx, qword ptr [rdx]
0x4cac4b:	test	rdx, rdx
0x4cac4e:	je	0x4cac59
('Block @ {}', '0x4cac59')
0x4cac59:	lea	rsp, qword ptr [rsp - 0x160]
0x4cac61:	mov	qword ptr [rsp], rax
0x4cac65:	mov	qword ptr [rsp + 8], rcx
0x4cac6a:	mov	qword ptr [rsp + 0x10], rdi
0x4cac6f:	mov	qword ptr [rsp + 0x20], rsi
0x4cac74:	mov	qword ptr [rsp + 0x28], r8
0x4cac79:	mov	qword ptr [rsp + 0x30], r9
0x4cac7e:	mov	qword ptr [rsp + 0x38], r10
0x4cac83:	mov	qword ptr [rsp + 0x40], r11
0x4cac88:	movq	qword ptr [rsp + 0x60], xmm0
0x4cac8e:	movq	qword ptr [rsp + 0x70], xmm1
0x4cac94:	movq	qword ptr [rsp + 0x80], xmm2
0x4cac9d:	movq	qword ptr [rsp + 0x90], xmm3
0x4caca6:	movq	qword ptr [rsp + 0xa0], xmm4
0x4cacaf:	movq	qword ptr [rsp + 0xb0], xmm5
0x4cacb8:	movq	qword ptr [rsp + 0xc0], xmm6
0x4cacc1:	movq	qword ptr [rsp + 0xd0], xmm7
0x4cacca:	movq	qword ptr [rsp + 0xe0], xmm8
0x4cacd4:	movq	qword ptr [rsp + 0xf0], xmm9
0x4cacde:	movq	qword ptr [rsp + 0x100], xmm10
0x4cace8:	movq	qword ptr [rsp + 0x110], xmm11
0x4cacf2:	movq	qword ptr [rsp + 0x120], xmm12
0x4cacfc:	movq	qword ptr [rsp + 0x130], xmm13
0x4cad06:	movq	qword ptr [rsp + 0x140], xmm14
0x4cad10:	movq	qword ptr [rsp + 0x150], xmm15
0x4cad1a:	push	r12
0x4cad1c:	mov	r12, rsp
0x4cad1f:	sub	rsp, 0x10
0x4cad23:	and	rsp, 0xfffffffffffffff0
0x4cad27:	lea	rdi, qword ptr [rip + 0x2c1]
0x4cad2e:	call	0x401600
('Block @ {}', '0x401600')
0x401600:	jmp	qword ptr [rip + 0x3e1a1a]
('Block @ {}', '0x401606')
0x401606:	push	1
0x40160b:	jmp	0x4015e0
('Block @ {}', '0x4015e0')
0x4015e0:	push	qword ptr [rip + 0x3e1a22]
0x4015e6:	jmp	qword ptr [rip + 0x3e1a24]
('Block @ {}', '0x4cad33')
0x4cad33:	test	rax, rax
0x4cad36:	je	0x4caf1e
('Block @ {}', '0x4caf1e')
0x4caf1e:	inc	byte ptr [rip + 0x31c3ec]
0x4caf24:	mov	rsp, r12
0x4caf27:	pop	r12
0x4caf29:	mov	rax, qword ptr [rsp]
0x4caf2d:	mov	rcx, qword ptr [rsp + 8]
0x4caf32:	mov	rdi, qword ptr [rsp + 0x10]
0x4caf37:	mov	rsi, qword ptr [rsp + 0x20]
0x4caf3c:	mov	r8, qword ptr [rsp + 0x28]
0x4caf41:	mov	r9, qword ptr [rsp + 0x30]
0x4caf46:	mov	r10, qword ptr [rsp + 0x38]
0x4caf4b:	mov	r11, qword ptr [rsp + 0x40]
0x4caf50:	movq	xmm0, qword ptr [rsp + 0x60]
0x4caf56:	movq	xmm1, qword ptr [rsp + 0x70]
0x4caf5c:	movq	xmm2, qword ptr [rsp + 0x80]
0x4caf65:	movq	xmm3, qword ptr [rsp + 0x90]
0x4caf6e:	movq	xmm4, qword ptr [rsp + 0xa0]
0x4caf77:	movq	xmm5, qword ptr [rsp + 0xb0]
0x4caf80:	movq	xmm6, qword ptr [rsp + 0xc0]
0x4caf89:	movq	xmm7, qword ptr [rsp + 0xd0]
0x4caf92:	movq	xmm8, qword ptr [rsp + 0xe0]
0x4caf9c:	movq	xmm9, qword ptr [rsp + 0xf0]
0x4cafa6:	movq	xmm10, qword ptr [rsp + 0x100]
0x4cafb0:	movq	xmm11, qword ptr [rsp + 0x110]
0x4cafba:	movq	xmm12, qword ptr [rsp + 0x120]
0x4cafc4:	movq	xmm13, qword ptr [rsp + 0x130]
0x4cafce:	movq	xmm14, qword ptr [rsp + 0x140]
0x4cafd8:	movq	xmm15, qword ptr [rsp + 0x150]
0x4cafe2:	lea	rsp, qword ptr [rsp + 0x160]
0x4cafea:	jmp	0x4cac30
('Block @ {}', '0x4cac30')
0x4cac30:	add	al, 0x7f
0x4cac32:	sahf	
0x4cac33:	ret	
('Block @ {}', '0x4026f2')
0x4026f2:	mov	rax, qword ptr [rsp + 0x10]
0x4026f7:	mov	rcx, qword ptr [rsp + 8]
0x4026fc:	mov	rdx, qword ptr [rsp]
0x402700:	lea	rsp, qword ptr [rsp + 0x98]
0x402708:	push	rbp
0x402709:	mov	rbp, rsp
0x40270c:	push	r13
0x40270e:	push	r12
0x402710:	push	rbx
0x402711:	sub	rsp, 0xb8
0x402718:	mov	dword ptr [rbp - 0xc4], edi
0x40271e:	mov	qword ptr [rbp - 0xd0], rsi
0x402725:	mov	edi, 5
0x40272a:	mov	esi, 0x5a60ed
0x40272f:	call	0x401950
('Block @ {}', '0x401950')
0x401950:	jmp	qword ptr [rip + 0x3e1872]
('Block @ {}', '0x401956')
0x401956:	push	0x36
0x40195b:	jmp	0x4015e0
('Block @ {}', '0x4015e0')
0x4015e0:	push	qword ptr [rip + 0x3e1a22]
0x4015e6:	jmp	qword ptr [rip + 0x3e1a24]
('Block @ {}', '0x402734')
0x402734:	xor	edi, edi
0x402736:	mov	esi, 0x5a60ed
0x40273b:	call	0x401950
('Block @ {}', '0x401950')
0x401950:	jmp	qword ptr [rip + 0x3e1872]
('Block @ {}', '0x402740')
0x402740:	mov	esi, 0x5a938e
0x402745:	mov	edi, 0x5a93a6
0x40274a:	call	0x401710
('Block @ {}', '0x401710')
0x401710:	jmp	qword ptr [rip + 0x3e1992]
('Block @ {}', '0x401716')
0x401716:	push	0x12
0x40171b:	jmp	0x4015e0
('Block @ {}', '0x4015e0')
0x4015e0:	push	qword ptr [rip + 0x3e1a22]
0x4015e6:	jmp	qword ptr [rip + 0x3e1a24]
('Block @ {}', '0x40274f')
0x40274f:	mov	edi, 0x5a93a6
0x402754:	call	0x4016f0
('Block @ {}', '0x4016f0')
0x4016f0:	jmp	qword ptr [rip + 0x3e19a2]
('Block @ {}', '0x4016f6')
0x4016f6:	push	0x10
0x4016fb:	jmp	0x4015e0
('Block @ {}', '0x4015e0')
0x4015e0:	push	qword ptr [rip + 0x3e1a22]
0x4015e6:	jmp	qword ptr [rip + 0x3e1a24]
('Block @ {}', '0x402759')
0x402759:	lea	rsi, qword ptr [rbp - 0xd0]
0x402760:	lea	rdi, qword ptr [rbp - 0xc4]
0x402767:	call	0x56c670
('Block @ {}', '0x56c670')
0x56c670:	lea	rsp, qword ptr [rsp - 0x98]
0x56c678:	mov	qword ptr [rsp], rdx
0x56c67c:	mov	qword ptr [rsp + 8], rcx
0x56c681:	mov	qword ptr [rsp + 0x10], rax
0x56c686:	mov	rcx, 0x637f
0x56c68d:	call	0x56d628
('Block @ {}', '0x56d628')
0x56d628:	lahf	
0x56d629:	seto	al
0x56d62c:	mov	rdx, qword ptr [rip + 0x27a575]
0x56d633:	test	rdx, rdx
0x56d636:	je	0x56d658
('Block @ {}', '0x56d658')
0x56d658:	cmp	byte ptr [rip + 0x27a561], 0
0x56d65f:	jne	0x56d650
('Block @ {}', '0x56d661')
0x56d661:	lea	rdx, qword ptr [rip + 0x27a6c8]
0x56d668:	mov	rdx, qword ptr [rdx]
0x56d66b:	test	rdx, rdx
0x56d66e:	je	0x56d679
('Block @ {}', '0x56d679')
0x56d679:	lea	rsp, qword ptr [rsp - 0x160]
0x56d681:	mov	qword ptr [rsp], rax
0x56d685:	mov	qword ptr [rsp + 8], rcx
0x56d68a:	mov	qword ptr [rsp + 0x10], rdi
0x56d68f:	mov	qword ptr [rsp + 0x20], rsi
0x56d694:	mov	qword ptr [rsp + 0x28], r8
0x56d699:	mov	qword ptr [rsp + 0x30], r9
0x56d69e:	mov	qword ptr [rsp + 0x38], r10
0x56d6a3:	mov	qword ptr [rsp + 0x40], r11
0x56d6a8:	movq	qword ptr [rsp + 0x60], xmm0
0x56d6ae:	movq	qword ptr [rsp + 0x70], xmm1
0x56d6b4:	movq	qword ptr [rsp + 0x80], xmm2
0x56d6bd:	movq	qword ptr [rsp + 0x90], xmm3
0x56d6c6:	movq	qword ptr [rsp + 0xa0], xmm4
0x56d6cf:	movq	qword ptr [rsp + 0xb0], xmm5
0x56d6d8:	movq	qword ptr [rsp + 0xc0], xmm6
0x56d6e1:	movq	qword ptr [rsp + 0xd0], xmm7
0x56d6ea:	movq	qword ptr [rsp + 0xe0], xmm8
0x56d6f4:	movq	qword ptr [rsp + 0xf0], xmm9
0x56d6fe:	movq	qword ptr [rsp + 0x100], xmm10
0x56d708:	movq	qword ptr [rsp + 0x110], xmm11
0x56d712:	movq	qword ptr [rsp + 0x120], xmm12
0x56d71c:	movq	qword ptr [rsp + 0x130], xmm13
0x56d726:	movq	qword ptr [rsp + 0x140], xmm14
0x56d730:	movq	qword ptr [rsp + 0x150], xmm15
0x56d73a:	push	r12
0x56d73c:	mov	r12, rsp
0x56d73f:	sub	rsp, 0x10
0x56d743:	and	rsp, 0xfffffffffffffff0
0x56d747:	lea	rdi, qword ptr [rip + 0x2c1]
0x56d74e:	call	0x401600
('Block @ {}', '0x401600')
0x401600:	jmp	qword ptr [rip + 0x3e1a1a]
('Block @ {}', '0x56d753')
0x56d753:	test	rax, rax
0x56d756:	je	0x56d93e
('Block @ {}', '0x56d93e')
0x56d93e:	inc	byte ptr [rip + 0x27a27c]
0x56d944:	mov	rsp, r12
0x56d947:	pop	r12
0x56d949:	mov	rax, qword ptr [rsp]
0x56d94d:	mov	rcx, qword ptr [rsp + 8]
0x56d952:	mov	rdi, qword ptr [rsp + 0x10]
0x56d957:	mov	rsi, qword ptr [rsp + 0x20]
0x56d95c:	mov	r8, qword ptr [rsp + 0x28]
0x56d961:	mov	r9, qword ptr [rsp + 0x30]
0x56d966:	mov	r10, qword ptr [rsp + 0x38]
0x56d96b:	mov	r11, qword ptr [rsp + 0x40]
0x56d970:	movq	xmm0, qword ptr [rsp + 0x60]
0x56d976:	movq	xmm1, qword ptr [rsp + 0x70]
0x56d97c:	movq	xmm2, qword ptr [rsp + 0x80]
0x56d985:	movq	xmm3, qword ptr [rsp + 0x90]
0x56d98e:	movq	xmm4, qword ptr [rsp + 0xa0]
0x56d997:	movq	xmm5, qword ptr [rsp + 0xb0]
0x56d9a0:	movq	xmm6, qword ptr [rsp + 0xc0]
0x56d9a9:	movq	xmm7, qword ptr [rsp + 0xd0]
0x56d9b2:	movq	xmm8, qword ptr [rsp + 0xe0]
0x56d9bc:	movq	xmm9, qword ptr [rsp + 0xf0]
0x56d9c6:	movq	xmm10, qword ptr [rsp + 0x100]
0x56d9d0:	movq	xmm11, qword ptr [rsp + 0x110]
0x56d9da:	movq	xmm12, qword ptr [rsp + 0x120]
0x56d9e4:	movq	xmm13, qword ptr [rsp + 0x130]
0x56d9ee:	movq	xmm14, qword ptr [rsp + 0x140]
0x56d9f8:	movq	xmm15, qword ptr [rsp + 0x150]
0x56da02:	lea	rsp, qword ptr [rsp + 0x160]
0x56da0a:	jmp	0x56d650
('Block @ {}', '0x56d650')
0x56d650:	add	al, 0x7f
0x56d652:	sahf	
0x56d653:	ret	
('Block @ {}', '0x56c692')
0x56c692:	mov	rax, qword ptr [rsp + 0x10]
0x56c697:	mov	rcx, qword ptr [rsp + 8]
0x56c69c:	mov	rdx, qword ptr [rsp]
0x56c6a0:	lea	rsp, qword ptr [rsp + 0x98]
0x56c6a8:	push	rbp
0x56c6a9:	mov	rbp, rsp
0x56c6ac:	push	r15
0x56c6ae:	push	r14
0x56c6b0:	push	r13
0x56c6b2:	push	r12
0x56c6b4:	xor	r15d, r15d
0x56c6b7:	push	rbx
0x56c6b8:	mov	r14, rsi
0x56c6bb:	mov	r13d, r15d
0x56c6be:	sub	rsp, 0xe8
0x56c6c5:	mov	qword ptr [rbp - 0xd0], rdi
0x56c6cc:	mov	r8d, dword ptr [rdi]
0x56c6cf:	mov	dword ptr [rbp - 0xd4], 0x7d0
0x56c6d9:	jmp	0x56c6e3
('Block @ {}', '0x56c6e3')
0x56c6e3:	nop	
0x56c6e4:	lea	rsp, qword ptr [rsp - 0x98]
0x56c6ec:	mov	qword ptr [rsp], rdx
0x56c6f0:	mov	qword ptr [rsp + 8], rcx
0x56c6f5:	mov	qword ptr [rsp + 0x10], rax
0x56c6fa:	mov	rcx, 0xd212
0x56c701:	call	0x56d628
('Block @ {}', '0x56d628')
0x56d628:	lahf	
0x56d629:	seto	al
0x56d62c:	mov	rdx, qword ptr [rip + 0x27a575]
0x56d633:	test	rdx, rdx
0x56d636:	je	0x56d658
('Block @ {}', '0x56d658')
0x56d658:	cmp	byte ptr [rip + 0x27a561], 0
0x56d65f:	jne	0x56d650
('Block @ {}', '0x56d650')
0x56d650:	add	al, 0x7f
0x56d652:	sahf	
0x56d653:	ret	
('Block @ {}', '0x56c706')
0x56c706:	mov	rax, qword ptr [rsp + 0x10]
0x56c70b:	mov	rcx, qword ptr [rsp + 8]
0x56c710:	mov	rdx, qword ptr [rsp]
0x56c714:	lea	rsp, qword ptr [rsp + 0x98]
0x56c71c:	lea	r15d, dword ptr [r13 + 1]
0x56c720:	cmp	r15d, r8d
0x56c723:	jge	0x56cb5c
('Block @ {}', '0x56c729')
0x56c729:	nop	dword ptr [rax]
0x56c72c:	lea	rsp, qword ptr [rsp - 0x98]
0x56c734:	mov	qword ptr [rsp], rdx
0x56c738:	mov	qword ptr [rsp + 8], rcx
0x56c73d:	mov	qword ptr [rsp + 0x10], rax
0x56c742:	mov	rcx, 0xce9d
0x56c749:	call	0x56d628
('Block @ {}', '0x56d628')
0x56d628:	lahf	
0x56d629:	seto	al
0x56d62c:	mov	rdx, qword ptr [rip + 0x27a575]
0x56d633:	test	rdx, rdx
0x56d636:	je	0x56d658
('Block @ {}', '0x56d658')
0x56d658:	cmp	byte ptr [rip + 0x27a561], 0
0x56d65f:	jne	0x56d650
('Block @ {}', '0x56d650')
0x56d650:	add	al, 0x7f
0x56d652:	sahf	
0x56d653:	ret	
('Block @ {}', '0x56c74e')
0x56c74e:	mov	rax, qword ptr [rsp + 0x10]
0x56c753:	mov	rcx, qword ptr [rsp + 8]
0x56c758:	mov	rdx, qword ptr [rsp]
0x56c75c:	lea	rsp, qword ptr [rsp + 0x98]
0x56c764:	lea	rsp, qword ptr [rsp - 0x98]
0x56c76c:	mov	qword ptr [rsp], rdx
0x56c770:	mov	qword ptr [rsp + 8], rcx
0x56c775:	mov	qword ptr [rsp + 0x10], rax
0x56c77a:	mov	rcx, 0x443
0x56c781:	call	0x56d628
('Block @ {}', '0x56d628')
0x56d628:	lahf	
0x56d629:	seto	al
0x56d62c:	mov	rdx, qword ptr [rip + 0x27a575]
0x56d633:	test	rdx, rdx
0x56d636:	je	0x56d658
('Block @ {}', '0x56d658')
0x56d658:	cmp	byte ptr [rip + 0x27a561], 0
0x56d65f:	jne	0x56d650
('Block @ {}', '0x56d650')
0x56d650:	add	al, 0x7f
0x56d652:	sahf	
0x56d653:	ret	
('Block @ {}', '0x56c786')
0x56c786:	mov	rax, qword ptr [rsp + 0x10]
0x56c78b:	mov	rcx, qword ptr [rsp + 8]
0x56c790:	mov	rdx, qword ptr [rsp]
0x56c794:	lea	rsp, qword ptr [rsp + 0x98]
0x56c79c:	mov	rax, qword ptr [r14]
0x56c79f:	movsxd	rbx, r15d
0x56c7a2:	lea	rcx, qword ptr [rbx*8]
0x56c7aa:	mov	rdi, qword ptr [rax + rbx*8]
0x56c7ae:	mov	qword ptr [rbp - 0xc8], rcx
0x56c7b5:	cmp	byte ptr [rdi], 0x40
0x56c7b8:	jne	0x56c6e0
('Block @ {}', '0x56c6e0')
0x56c6e0:	mov	r13d, r15d
0x56c6e3:	nop	
0x56c6e4:	lea	rsp, qword ptr [rsp - 0x98]
0x56c6ec:	mov	qword ptr [rsp], rdx
0x56c6f0:	mov	qword ptr [rsp + 8], rcx
0x56c6f5:	mov	qword ptr [rsp + 0x10], rax
0x56c6fa:	mov	rcx, 0xd212
0x56c701:	call	0x56d628
('Block @ {}', '0x56d628')
0x56d628:	lahf	
0x56d629:	seto	al
0x56d62c:	mov	rdx, qword ptr [rip + 0x27a575]
0x56d633:	test	rdx, rdx
0x56d636:	je	0x56d658
('Block @ {}', '0x56d658')
0x56d658:	cmp	byte ptr [rip + 0x27a561], 0
0x56d65f:	jne	0x56d650
('Block @ {}', '0x56d650')
0x56d650:	add	al, 0x7f
0x56d652:	sahf	
0x56d653:	ret	
('Block @ {}', '0x56c706')
0x56c706:	mov	rax, qword ptr [rsp + 0x10]
0x56c70b:	mov	rcx, qword ptr [rsp + 8]
0x56c710:	mov	rdx, qword ptr [rsp]
0x56c714:	lea	rsp, qword ptr [rsp + 0x98]
0x56c71c:	lea	r15d, dword ptr [r13 + 1]
0x56c720:	cmp	r15d, r8d
0x56c723:	jge	0x56cb5c
('Block @ {}', '0x56c729')
0x56c729:	nop	dword ptr [rax]
0x56c72c:	lea	rsp, qword ptr [rsp - 0x98]
0x56c734:	mov	qword ptr [rsp], rdx
0x56c738:	mov	qword ptr [rsp + 8], rcx
0x56c73d:	mov	qword ptr [rsp + 0x10], rax
0x56c742:	mov	rcx, 0xce9d
0x56c749:	call	0x56d628
('Block @ {}', '0x56d628')
0x56d628:	lahf	
0x56d629:	seto	al
0x56d62c:	mov	rdx, qword ptr [rip + 0x27a575]
0x56d633:	test	rdx, rdx
0x56d636:	je	0x56d658
('Block @ {}', '0x56d658')
0x56d658:	cmp	byte ptr [rip + 0x27a561], 0
0x56d65f:	jne	0x56d650
('Block @ {}', '0x56d650')
0x56d650:	add	al, 0x7f
0x56d652:	sahf	
0x56d653:	ret	
('Block @ {}', '0x56c74e')
0x56c74e:	mov	rax, qword ptr [rsp + 0x10]
0x56c753:	mov	rcx, qword ptr [rsp + 8]
0x56c758:	mov	rdx, qword ptr [rsp]
0x56c75c:	lea	rsp, qword ptr [rsp + 0x98]
0x56c764:	lea	rsp, qword ptr [rsp - 0x98]
0x56c76c:	mov	qword ptr [rsp], rdx
0x56c770:	mov	qword ptr [rsp + 8], rcx
0x56c775:	mov	qword ptr [rsp + 0x10], rax
0x56c77a:	mov	rcx, 0x443
0x56c781:	call	0x56d628
('Block @ {}', '0x56d628')
0x56d628:	lahf	
0x56d629:	seto	al
0x56d62c:	mov	rdx, qword ptr [rip + 0x27a575]
0x56d633:	test	rdx, rdx
0x56d636:	je	0x56d658
('Block @ {}', '0x56d658')
0x56d658:	cmp	byte ptr [rip + 0x27a561], 0
0x56d65f:	jne	0x56d650
('Block @ {}', '0x56d650')
0x56d650:	add	al, 0x7f
0x56d652:	sahf	
0x56d653:	ret	
('Block @ {}', '0x56c786')
0x56c786:	mov	rax, qword ptr [rsp + 0x10]
0x56c78b:	mov	rcx, qword ptr [rsp + 8]
0x56c790:	mov	rdx, qword ptr [rsp]
0x56c794:	lea	rsp, qword ptr [rsp + 0x98]
0x56c79c:	mov	rax, qword ptr [r14]
0x56c79f:	movsxd	rbx, r15d
0x56c7a2:	lea	rcx, qword ptr [rbx*8]
0x56c7aa:	mov	rdi, qword ptr [rax + rbx*8]
0x56c7ae:	mov	qword ptr [rbp - 0xc8], rcx
0x56c7b5:	cmp	byte ptr [rdi], 0x40
0x56c7b8:	jne	0x56c6e0
('Block @ {}', '0x56c6e0')
0x56c6e0:	mov	r13d, r15d
0x56c6e3:	nop	
0x56c6e4:	lea	rsp, qword ptr [rsp - 0x98]
0x56c6ec:	mov	qword ptr [rsp], rdx
0x56c6f0:	mov	qword ptr [rsp + 8], rcx
0x56c6f5:	mov	qword ptr [rsp + 0x10], rax
0x56c6fa:	mov	rcx, 0xd212
0x56c701:	call	0x56d628
('Block @ {}', '0x56d628')
0x56d628:	lahf	
0x56d629:	seto	al
0x56d62c:	mov	rdx, qword ptr [rip + 0x27a575]
0x56d633:	test	rdx, rdx
0x56d636:	je	0x56d658
('Block @ {}', '0x56d658')
0x56d658:	cmp	byte ptr [rip + 0x27a561], 0
0x56d65f:	jne	0x56d650
('Block @ {}', '0x56d650')
0x56d650:	add	al, 0x7f
0x56d652:	sahf	
0x56d653:	ret	
('Block @ {}', '0x56c706')
0x56c706:	mov	rax, qword ptr [rsp + 0x10]
0x56c70b:	mov	rcx, qword ptr [rsp + 8]
0x56c710:	mov	rdx, qword ptr [rsp]
0x56c714:	lea	rsp, qword ptr [rsp + 0x98]
0x56c71c:	lea	r15d, dword ptr [r13 + 1]
0x56c720:	cmp	r15d, r8d
0x56c723:	jge	0x56cb5c
('Block @ {}', '0x56cb5c')
0x56cb5c:	lea	rsp, qword ptr [rsp - 0x98]
0x56cb64:	mov	qword ptr [rsp], rdx
0x56cb68:	mov	qword ptr [rsp + 8], rcx
0x56cb6d:	mov	qword ptr [rsp + 0x10], rax
0x56cb72:	mov	rcx, 0x504b
0x56cb79:	call	0x56d628
('Block @ {}', '0x56d628')
0x56d628:	lahf	
0x56d629:	seto	al
0x56d62c:	mov	rdx, qword ptr [rip + 0x27a575]
0x56d633:	test	rdx, rdx
0x56d636:	je	0x56d658
('Block @ {}', '0x56d658')
0x56d658:	cmp	byte ptr [rip + 0x27a561], 0
0x56d65f:	jne	0x56d650
('Block @ {}', '0x56d650')
0x56d650:	add	al, 0x7f
0x56d652:	sahf	
0x56d653:	ret	
('Block @ {}', '0x56cb7e')
0x56cb7e:	mov	rax, qword ptr [rsp + 0x10]
0x56cb83:	mov	rcx, qword ptr [rsp + 8]
0x56cb88:	mov	rdx, qword ptr [rsp]
0x56cb8c:	lea	rsp, qword ptr [rsp + 0x98]
0x56cb94:	add	rsp, 0xe8
0x56cb9b:	pop	rbx
0x56cb9c:	pop	r12
0x56cb9e:	pop	r13
0x56cba0:	pop	r14
0x56cba2:	pop	r15
0x56cba4:	pop	rbp
0x56cba5:	ret	
('Block @ {}', '0x40276c')
0x40276c:	mov	edi, dword ptr [rbp - 0xc4]
0x402772:	mov	rsi, qword ptr [rbp - 0xd0]
0x402779:	cmp	edi, 1
0x40277c:	jle	0x402cd8
('Block @ {}', '0x402782')
0x402782:	nop	
0x402784:	lea	rsp, qword ptr [rsp - 0x98]
0x40278c:	mov	qword ptr [rsp], rdx
0x402790:	mov	qword ptr [rsp + 8], rcx
0x402795:	mov	qword ptr [rsp + 0x10], rax
0x40279a:	mov	rcx, 0x848f
0x4027a1:	call	0x4cac08
('Block @ {}', '0x4cac08')
0x4cac08:	lahf	
0x4cac09:	seto	al
0x4cac0c:	mov	rdx, qword ptr [rip + 0x31c6e5]
0x4cac13:	test	rdx, rdx
0x4cac16:	je	0x4cac38
('Block @ {}', '0x4cac38')
0x4cac38:	cmp	byte ptr [rip + 0x31c6d1], 0
0x4cac3f:	jne	0x4cac30
('Block @ {}', '0x4cac30')
0x4cac30:	add	al, 0x7f
0x4cac32:	sahf	
0x4cac33:	ret	
('Block @ {}', '0x4027a6')
0x4027a6:	mov	rax, qword ptr [rsp + 0x10]
0x4027ab:	mov	rcx, qword ptr [rsp + 8]
0x4027b0:	mov	rdx, qword ptr [rsp]
0x4027b4:	lea	rsp, qword ptr [rsp + 0x98]
0x4027bc:	xor	r8d, r8d
0x4027bf:	mov	ecx, 0x7e3ca0
0x4027c4:	mov	edx, 0x5bc988
0x4027c9:	call	0x401760
('Block @ {}', '0x401760')
0x401760:	jmp	qword ptr [rip + 0x3e196a]
('Block @ {}', '0x401766')
0x401766:	push	0x17
0x40176b:	jmp	0x4015e0
('Block @ {}', '0x4015e0')
0x4015e0:	push	qword ptr [rip + 0x3e1a22]
0x4015e6:	jmp	qword ptr [rip + 0x3e1a24]
('Block @ {}', '0x4027ce')
0x4027ce:	cmp	eax, 0xff
0x4027d1:	je	0x402823
('Block @ {}', '0x4027d3')
0x4027d3:	nop	
0x4027d4:	lea	rsp, qword ptr [rsp - 0x98]
0x4027dc:	mov	qword ptr [rsp], rdx
0x4027e0:	mov	qword ptr [rsp + 8], rcx
0x4027e5:	mov	qword ptr [rsp + 0x10], rax
0x4027ea:	mov	rcx, 0x3162
0x4027f1:	call	0x4cac08
('Block @ {}', '0x4cac08')
0x4cac08:	lahf	
0x4cac09:	seto	al
0x4cac0c:	mov	rdx, qword ptr [rip + 0x31c6e5]
0x4cac13:	test	rdx, rdx
0x4cac16:	je	0x4cac38
('Block @ {}', '0x4cac38')
0x4cac38:	cmp	byte ptr [rip + 0x31c6d1], 0
0x4cac3f:	jne	0x4cac30
('Block @ {}', '0x4cac30')
0x4cac30:	add	al, 0x7f
0x4cac32:	sahf	
0x4cac33:	ret	
('Block @ {}', '0x4027f6')
0x4027f6:	mov	rax, qword ptr [rsp + 0x10]
0x4027fb:	mov	rcx, qword ptr [rsp + 8]
0x402800:	mov	rdx, qword ptr [rsp]
0x402804:	lea	rsp, qword ptr [rsp + 0x98]
0x40280c:	mov	edi, 0x5bc9b0
0x402811:	call	0x4016a0
('Block @ {}', '0x4016a0')
0x4016a0:	jmp	qword ptr [rip + 0x3e19ca]
('Block @ {}', '0x4016a6')
0x4016a6:	push	0xb
0x4016ab:	jmp	0x4015e0
('Block @ {}', '0x4015e0')
0x4015e0:	push	qword ptr [rip + 0x3e1a22]
0x4015e6:	jmp	qword ptr [rip + 0x3e1a24]
('Block @ {}', '0x402816')
0x402816:	mov	dword ptr [0], 0
0x402821:	ud2	
0x402823:	nop	
0x402824:	lea	rsp, qword ptr [rsp - 0x98]
0x40282c:	mov	qword ptr [rsp], rdx
0x402830:	mov	qword ptr [rsp + 8], rcx
0x402835:	mov	qword ptr [rsp + 0x10], rax
0x40283a:	mov	rcx, 0xdb48
0x402841:	call	0x4cac08

================== PRINTING CONSTRAINTS ================

[+] Constraint at:  0x4000000L
[+] Constraint expression: 
(<Bool True>,)

Total Number of Constraints:  1
[+] Collect Constrints Complete
